2025-09-29 19:31:11 | INFO | {'hour_of_day': 13, 'cash_type': 'card', 'money': 27.92, 'coffee_name': 'Americano', 'Time_of_Day': 'Afternoon', 'Weekday': 'Mon', 'Month_name': 'Apr', 'Weekdaysort': '1', 'Monthsort': '4', 'Date': '29/04/2024', 'Time': '27:56.9', 'event_timestamp': '2025-09-29 19:31:11'}
2025-09-29 19:31:17 | INFO | {'hour_of_day': 13, 'cash_type': 'card', 'money': 27.92, 'coffee_name': 'Cortado', 'Time_of_Day': 'Afternoon', 'Weekday': 'Mon', 'Month_name': 'Apr', 'Weekdaysort': '1', 'Monthsort': '4', 'Date': '29/04/2024', 'Time': '28:53.9', 'event_timestamp': '2025-09-29 19:31:17'}
2025-09-29 19:31:22 | INFO | {'hour_of_day': 13, 'cash_type': 'card', 'money': 27.92, 'coffee_name': 'Cortado', 'Time_of_Day': 'Afternoon', 'Weekday': 'Mon', 'Month_name': 'Apr', 'Weekdaysort': '1', 'Monthsort': '4', 'Date': '29/04/2024', 'Time': '53:35.7', 'event_timestamp': '2025-09-29 19:31:22'}
2025-09-29 19:31:27 | INFO | {'hour_of_day': 13, 'cash_type': 'card', 'money': 32.82, 'coffee_name': 'Americano with Milk', 'Time_of_Day': 'Afternoon', 'Weekday': 'Mon', 'Month_name': 'Apr', 'Weekdaysort': '1', 'Monthsort': '4', 'Date': '29/04/2024', 'Time': '54:24.4', 'event_timestamp': '2025-09-29 19:31:27'}
2025-09-29 19:31:32 | INFO | {'hour_of_day': 18, 'cash_type': 'card', 'money': 37.72, 'coffee_name': 'Cappuccino', 'Time_of_Day': 'Night', 'Weekday': 'Mon', 'Month_name': 'Apr', 'Weekdaysort': '1', 'Monthsort': '4', 'Date': '29/04/2024', 'Time': '37:48.4', 'event_timestamp': '2025-09-29 19:31:32'}
2025-09-29 19:31:37 | INFO | {'hour_of_day': 19, 'cash_type': 'card', 'money': 37.72, 'coffee_name': 'Cappuccino', 'Time_of_Day': 'Night', 'Weekday': 'Mon', 'Month_name': 'Apr', 'Weekdaysort': '1', 'Monthsort': '4', 'Date': '29/04/2024', 'Time': '12:33.2', 'event_timestamp': '2025-09-29 19:31:37'}
2025-09-29 19:31:42 | INFO | {'hour_of_day': 19, 'cash_type': 'card', 'money': 37.72, 'coffee_name': 'Cappuccino', 'Time_of_Day': 'Night', 'Weekday': 'Mon', 'Month_name': 'Apr', 'Weekdaysort': '1', 'Monthsort': '4', 'Date': '29/04/2024', 'Time': '13:37.9', 'event_timestamp': '2025-09-29 19:31:42'}
2025-09-29 19:31:47 | INFO | {'hour_of_day': 10, 'cash_type': 'card', 'money': 37.72, 'coffee_name': 'Latte', 'Time_of_Day': 'Morning', 'Weekday': 'Tue', 'Month_name': 'Apr', 'Weekdaysort': '2', 'Monthsort': '4', 'Date': '30/04/2024', 'Time': '16:41.5', 'event_timestamp': '2025-09-29 19:31:47'}
2025-09-29 19:31:52 | INFO | {'hour_of_day': 10, 'cash_type': 'card', 'money': 32.82, 'coffee_name': 'Americano with Milk', 'Time_of_Day': 'Morning', 'Weekday': 'Tue', 'Month_name': 'Apr', 'Weekdaysort': '2', 'Monthsort': '4', 'Date': '30/04/2024', 'Time': '34:52.2', 'event_timestamp': '2025-09-29 19:31:52'}
2025-09-29 19:31:57 | INFO | {'hour_of_day': 10, 'cash_type': 'card', 'money': 32.82, 'coffee_name': 'Americano with Milk', 'Time_of_Day': 'Morning', 'Weekday': 'Tue', 'Month_name': 'Apr', 'Weekdaysort': '2', 'Monthsort': '4', 'Date': '30/04/2024', 'Time': '35:47.6', 'event_timestamp': '2025-09-29 19:31:57'}
2025-09-29 19:32:02 | INFO | {'hour_of_day': 13, 'cash_type': 'card', 'money': 27.92, 'coffee_name': 'Americano', 'Time_of_Day': 'Afternoon', 'Weekday': 'Tue', 'Month_name': 'Apr', 'Weekdaysort': '2', 'Monthsort': '4', 'Date': '30/04/2024', 'Time': '41:52.3', 'event_timestamp': '2025-09-29 19:32:02'}
2025-09-29 19:32:07 | INFO | {'hour_of_day': 13, 'cash_type': 'card', 'money': 32.82, 'coffee_name': 'Americano with Milk', 'Time_of_Day': 'Afternoon', 'Weekday': 'Tue', 'Month_name': 'Apr', 'Weekdaysort': '2', 'Monthsort': '4', 'Date': '30/04/2024', 'Time': '43:00.0', 'event_timestamp': '2025-09-29 19:32:07'}
2025-09-29 19:32:13 | INFO | {'hour_of_day': 19, 'cash_type': 'card', 'money': 37.72, 'coffee_name': 'Cappuccino', 'Time_of_Day': 'Night', 'Weekday': 'Tue', 'Month_name': 'Apr', 'Weekdaysort': '2', 'Monthsort': '4', 'Date': '30/04/2024', 'Time': '19:18.1', 'event_timestamp': '2025-09-29 19:32:13'}
2025-09-29 19:32:18 | INFO | {'hour_of_day': 19, 'cash_type': 'card', 'money': 32.82, 'coffee_name': 'Americano with Milk', 'Time_of_Day': 'Night', 'Weekday': 'Tue', 'Month_name': 'Apr', 'Weekdaysort': '2', 'Monthsort': '4', 'Date': '30/04/2024', 'Time': '30:04.0', 'event_timestamp': '2025-09-29 19:32:18'}
2025-09-29 19:32:23 | INFO | {'hour_of_day': 19, 'cash_type': 'card', 'money': 37.72, 'coffee_name': 'Latte', 'Time_of_Day': 'Night', 'Weekday': 'Tue', 'Month_name': 'Apr', 'Weekdaysort': '2', 'Monthsort': '4', 'Date': '30/04/2024', 'Time': '31:21.0', 'event_timestamp': '2025-09-29 19:32:23'}
2025-09-29 19:32:28 | INFO | {'hour_of_day': 10, 'cash_type': 'card', 'money': 27.92, 'coffee_name': 'Americano', 'Time_of_Day': 'Morning', 'Weekday': 'Thu', 'Month_name': 'May', 'Weekdaysort': '4', 'Monthsort': '5', 'Date': '02/05/2024', 'Time': '33:55.7', 'event_timestamp': '2025-09-29 19:32:28'}
2025-09-29 19:32:33 | INFO | {'hour_of_day': 13, 'cash_type': 'card', 'money': 32.82, 'coffee_name': 'Americano with Milk', 'Time_of_Day': 'Afternoon', 'Weekday': 'Thu', 'Month_name': 'May', 'Weekdaysort': '4', 'Monthsort': '5', 'Date': '02/05/2024', 'Time': '49:39.9', 'event_timestamp': '2025-09-29 19:32:33'}
2025-09-29 19:32:38 | INFO | {'hour_of_day': 18, 'cash_type': 'card', 'money': 37.72, 'coffee_name': 'Cappuccino', 'Time_of_Day': 'Night', 'Weekday': 'Thu', 'Month_name': 'May', 'Weekdaysort': '4', 'Monthsort': '5', 'Date': '02/05/2024', 'Time': '36:22.1', 'event_timestamp': '2025-09-29 19:32:38'}
2025-09-29 19:32:43 | INFO | {'hour_of_day': 18, 'cash_type': 'card', 'money': 32.82, 'coffee_name': 'Americano with Milk', 'Time_of_Day': 'Night', 'Weekday': 'Thu', 'Month_name': 'May', 'Weekdaysort': '4', 'Monthsort': '5', 'Date': '02/05/2024', 'Time': '41:11.2', 'event_timestamp': '2025-09-29 19:32:43'}
2025-09-29 19:32:48 | INFO | {'hour_of_day': 19, 'cash_type': 'card', 'money': 37.72, 'coffee_name': 'Latte', 'Time_of_Day': 'Night', 'Weekday': 'Thu', 'Month_name': 'May', 'Weekdaysort': '4', 'Monthsort': '5', 'Date': '02/05/2024', 'Time': '18:33.1', 'event_timestamp': '2025-09-29 19:32:48'}
2025-09-29 19:32:53 | INFO | {'hour_of_day': 19, 'cash_type': 'card', 'money': 37.72, 'coffee_name': 'Cappuccino', 'Time_of_Day': 'Night', 'Weekday': 'Thu', 'Month_name': 'May', 'Weekdaysort': '4', 'Monthsort': '5', 'Date': '02/05/2024', 'Time': '19:56.4', 'event_timestamp': '2025-09-29 19:32:53'}
2025-09-29 19:32:58 | INFO | {'hour_of_day': 14, 'cash_type': 'card', 'money': 37.72, 'coffee_name': 'Latte', 'Time_of_Day': 'Afternoon', 'Weekday': 'Fri', 'Month_name': 'May', 'Weekdaysort': '5', 'Monthsort': '5', 'Date': '03/05/2024', 'Time': '30:00.9', 'event_timestamp': '2025-09-29 19:32:58'}
2025-09-29 19:33:03 | INFO | {'hour_of_day': 17, 'cash_type': 'card', 'money': 37.72, 'coffee_name': 'Latte', 'Time_of_Day': 'Night', 'Weekday': 'Fri', 'Month_name': 'May', 'Weekdaysort': '5', 'Monthsort': '5', 'Date': '03/05/2024', 'Time': '03:24.9', 'event_timestamp': '2025-09-29 19:33:03'}
2025-09-29 19:33:09 | INFO | {'hour_of_day': 10, 'cash_type': 'card', 'money': 27.92, 'coffee_name': 'Americano', 'Time_of_Day': 'Morning', 'Weekday': 'Mon', 'Month_name': 'May', 'Weekdaysort': '1', 'Monthsort': '5', 'Date': '06/05/2024', 'Time': '05:17.9', 'event_timestamp': '2025-09-29 19:33:09'}
2025-09-29 19:33:14 | INFO | {'hour_of_day': 10, 'cash_type': 'card', 'money': 37.72, 'coffee_name': 'Cappuccino', 'Time_of_Day': 'Morning', 'Weekday': 'Mon', 'Month_name': 'May', 'Weekdaysort': '1', 'Monthsort': '5', 'Date': '06/05/2024', 'Time': '06:51.6', 'event_timestamp': '2025-09-29 19:33:14'}
2025-09-29 19:33:19 | INFO | {'hour_of_day': 10, 'cash_type': 'card', 'money': 32.82, 'coffee_name': 'Americano with Milk', 'Time_of_Day': 'Morning', 'Weekday': 'Mon', 'Month_name': 'May', 'Weekdaysort': '1', 'Monthsort': '5', 'Date': '06/05/2024', 'Time': '08:05.9', 'event_timestamp': '2025-09-29 19:33:19'}
2025-09-29 19:33:24 | INFO | {'hour_of_day': 10, 'cash_type': 'card', 'money': 27.92, 'coffee_name': 'Americano', 'Time_of_Day': 'Morning', 'Weekday': 'Mon', 'Month_name': 'May', 'Weekdaysort': '1', 'Monthsort': '5', 'Date': '06/05/2024', 'Time': '09:08.0', 'event_timestamp': '2025-09-29 19:33:24'}
2025-09-29 19:33:29 | INFO | {'hour_of_day': 10, 'cash_type': 'card', 'money': 27.92, 'coffee_name': 'Cortado', 'Time_of_Day': 'Morning', 'Weekday': 'Mon', 'Month_name': 'May', 'Weekdaysort': '1', 'Monthsort': '5', 'Date': '06/05/2024', 'Time': '39:12.6', 'event_timestamp': '2025-09-29 19:33:29'}
2025-09-29 19:33:34 | INFO | {'hour_of_day': 13, 'cash_type': 'card', 'money': 27.92, 'coffee_name': 'Cortado', 'Time_of_Day': 'Afternoon', 'Weekday': 'Mon', 'Month_name': 'May', 'Weekdaysort': '1', 'Monthsort': '5', 'Date': '06/05/2024', 'Time': '18:11.0', 'event_timestamp': '2025-09-29 19:33:34'}
2025-09-29 19:33:39 | INFO | {'hour_of_day': 13, 'cash_type': 'card', 'money': 27.92, 'coffee_name': 'Americano', 'Time_of_Day': 'Afternoon', 'Weekday': 'Mon', 'Month_name': 'May', 'Weekdaysort': '1', 'Monthsort': '5', 'Date': '06/05/2024', 'Time': '19:00.8', 'event_timestamp': '2025-09-29 19:33:39'}
2025-09-29 19:33:44 | INFO | {'hour_of_day': 19, 'cash_type': 'card', 'money': 37.72, 'coffee_name': 'Cappuccino', 'Time_of_Day': 'Night', 'Weekday': 'Mon', 'Month_name': 'May', 'Weekdaysort': '1', 'Monthsort': '5', 'Date': '06/05/2024', 'Time': '18:13.0', 'event_timestamp': '2025-09-29 19:33:44'}
2025-09-29 19:33:49 | INFO | {'hour_of_day': 19, 'cash_type': 'card', 'money': 37.72, 'coffee_name': 'Cappuccino', 'Time_of_Day': 'Night', 'Weekday': 'Mon', 'Month_name': 'May', 'Weekdaysort': '1', 'Monthsort': '5', 'Date': '06/05/2024', 'Time': '19:49.5', 'event_timestamp': '2025-09-29 19:33:49'}
2025-09-29 19:33:54 | INFO | {'hour_of_day': 10, 'cash_type': 'card', 'money': 37.72, 'coffee_name': 'Cocoa', 'Time_of_Day': 'Morning', 'Weekday': 'Tue', 'Month_name': 'May', 'Weekdaysort': '2', 'Monthsort': '5', 'Date': '07/05/2024', 'Time': '44:55.6', 'event_timestamp': '2025-09-29 19:33:54'}
2025-09-29 19:33:55 | INFO | Logging to file: logs/project_log.log
2025-09-29 19:33:55 | INFO | Log sanitization enabled, personal info removed
2025-09-29 19:33:59 | INFO | {'hour_of_day': 11, 'cash_type': 'card', 'money': 27.92, 'coffee_name': 'Cortado', 'Time_of_Day': 'Morning', 'Weekday': 'Tue', 'Month_name': 'May', 'Weekdaysort': '2', 'Monthsort': '5', 'Date': '07/05/2024', 'Time': '21:58.5', 'event_timestamp': '2025-09-29 19:33:59'}
2025-09-29 19:34:04 | INFO | {'hour_of_day': 13, 'cash_type': 'card', 'money': 27.92, 'coffee_name': 'Cortado', 'Time_of_Day': 'Afternoon', 'Weekday': 'Tue', 'Month_name': 'May', 'Weekdaysort': '2', 'Monthsort': '5', 'Date': '07/05/2024', 'Time': '23:34.9', 'event_timestamp': '2025-09-29 19:34:04'}
2025-09-29 19:34:10 | INFO | {'hour_of_day': 16, 'cash_type': 'card', 'money': 37.72, 'coffee_name': 'Cocoa', 'Time_of_Day': 'Afternoon', 'Weekday': 'Tue', 'Month_name': 'May', 'Weekdaysort': '2', 'Monthsort': '5', 'Date': '07/05/2024', 'Time': '42:07.9', 'event_timestamp': '2025-09-29 19:34:10'}
2025-09-29 19:34:15 | INFO | {'hour_of_day': 16, 'cash_type': 'card', 'money': 27.92, 'coffee_name': 'Americano', 'Time_of_Day': 'Afternoon', 'Weekday': 'Tue', 'Month_name': 'May', 'Weekdaysort': '2', 'Monthsort': '5', 'Date': '07/05/2024', 'Time': '55:38.8', 'event_timestamp': '2025-09-29 19:34:15'}
2025-09-29 19:34:20 | INFO | {'hour_of_day': 17, 'cash_type': 'card', 'money': 37.72, 'coffee_name': 'Cappuccino', 'Time_of_Day': 'Night', 'Weekday': 'Tue', 'Month_name': 'May', 'Weekdaysort': '2', 'Monthsort': '5', 'Date': '07/05/2024', 'Time': '37:46.4', 'event_timestamp': '2025-09-29 19:34:20'}
2025-09-29 19:34:25 | INFO | {'hour_of_day': 17, 'cash_type': 'card', 'money': 37.72, 'coffee_name': 'Latte', 'Time_of_Day': 'Night', 'Weekday': 'Tue', 'Month_name': 'May', 'Weekdaysort': '2', 'Monthsort': '5', 'Date': '07/05/2024', 'Time': '38:48.2', 'event_timestamp': '2025-09-29 19:34:25'}
2025-09-29 19:34:30 | INFO | {'hour_of_day': 19, 'cash_type': 'card', 'money': 37.72, 'coffee_name': 'Cappuccino', 'Time_of_Day': 'Night', 'Weekday': 'Tue', 'Month_name': 'May', 'Weekdaysort': '2', 'Monthsort': '5', 'Date': '07/05/2024', 'Time': '12:12.5', 'event_timestamp': '2025-09-29 19:34:30'}
2025-09-29 19:34:35 | INFO | {'hour_of_day': 19, 'cash_type': 'card', 'money': 37.72, 'coffee_name': 'Cappuccino', 'Time_of_Day': 'Night', 'Weekday': 'Tue', 'Month_name': 'May', 'Weekdaysort': '2', 'Monthsort': '5', 'Date': '07/05/2024', 'Time': '13:12.2', 'event_timestamp': '2025-09-29 19:34:35'}
2025-09-29 19:34:40 | INFO | {'hour_of_day': 10, 'cash_type': 'card', 'money': 37.72, 'coffee_name': 'Latte', 'Time_of_Day': 'Morning', 'Weekday': 'Wed', 'Month_name': 'May', 'Weekdaysort': '3', 'Monthsort': '5', 'Date': '08/05/2024', 'Time': '07:28.9', 'event_timestamp': '2025-09-29 19:34:40'}
2025-09-29 19:34:45 | INFO | {'hour_of_day': 12, 'cash_type': 'card', 'money': 37.72, 'coffee_name': 'Cappuccino', 'Time_of_Day': 'Afternoon', 'Weekday': 'Thu', 'Month_name': 'May', 'Weekdaysort': '4', 'Monthsort': '5', 'Date': '09/05/2024', 'Time': '54:21.8', 'event_timestamp': '2025-09-29 19:34:45'}
2025-09-29 19:34:50 | INFO | {'hour_of_day': 13, 'cash_type': 'card', 'money': 27.92, 'coffee_name': 'Americano', 'Time_of_Day': 'Afternoon', 'Weekday': 'Thu', 'Month_name': 'May', 'Weekdaysort': '4', 'Monthsort': '5', 'Date': '09/05/2024', 'Time': '03:58.6', 'event_timestamp': '2025-09-29 19:34:50'}
2025-09-29 19:34:55 | INFO | {'hour_of_day': 13, 'cash_type': 'card', 'money': 37.72, 'coffee_name': 'Latte', 'Time_of_Day': 'Afternoon', 'Weekday': 'Thu', 'Month_name': 'May', 'Weekdaysort': '4', 'Monthsort': '5', 'Date': '09/05/2024', 'Time': '04:57.6', 'event_timestamp': '2025-09-29 19:34:55'}
2025-09-29 19:35:00 | INFO | {'hour_of_day': 13, 'cash_type': 'card', 'money': 37.72, 'coffee_name': 'Latte', 'Time_of_Day': 'Afternoon', 'Weekday': 'Thu', 'Month_name': 'May', 'Weekdaysort': '4', 'Monthsort': '5', 'Date': '09/05/2024', 'Time': '06:11.3', 'event_timestamp': '2025-09-29 19:35:00'}
2025-09-29 19:35:06 | INFO | {'hour_of_day': 13, 'cash_type': 'card', 'money': 37.72, 'coffee_name': 'Latte', 'Time_of_Day': 'Afternoon', 'Weekday': 'Thu', 'Month_name': 'May', 'Weekdaysort': '4', 'Monthsort': '5', 'Date': '09/05/2024', 'Time': '07:16.4', 'event_timestamp': '2025-09-29 19:35:06'}
2025-09-29 19:35:11 | INFO | {'hour_of_day': 16, 'cash_type': 'card', 'money': 27.92, 'coffee_name': 'Americano', 'Time_of_Day': 'Afternoon', 'Weekday': 'Thu', 'Month_name': 'May', 'Weekdaysort': '4', 'Monthsort': '5', 'Date': '09/05/2024', 'Time': '55:14.6', 'event_timestamp': '2025-09-29 19:35:11'}
2025-09-29 19:35:16 | INFO | {'hour_of_day': 16, 'cash_type': 'card', 'money': 27.92, 'coffee_name': 'Americano', 'Time_of_Day': 'Afternoon', 'Weekday': 'Thu', 'Month_name': 'May', 'Weekdaysort': '4', 'Monthsort': '5', 'Date': '09/05/2024', 'Time': '56:15.0', 'event_timestamp': '2025-09-29 19:35:16'}
2025-09-29 19:35:16 | INFO | Logging to file: logs/project_log.log
2025-09-29 19:35:16 | INFO | Log sanitization enabled, personal info removed
2025-09-29 19:35:16 | INFO | Starting db testing.
2025-09-29 19:35:16 | INFO | BASE_DATA_DIR: PROJECT_ROOT/data
2025-09-29 19:35:16 | INFO | Calling SQLite init_db() with db_path=WindowsPath('C:/Projects/custom_pipeline_fintel/data/test_buzz.sqlite').
2025-09-29 19:35:16 | INFO | SUCCESS: Got a cursor to execute SQL.
2025-09-29 19:35:16 | INFO | SUCCESS: Database initialized and table ready at PROJECT_ROOT/data/test_buzz.sqlite.
2025-09-29 19:35:16 | INFO | Initialized database file at PROJECT_ROOT/data/test_buzz.sqlite.
2025-09-29 19:35:16 | INFO | Calling SQLite insert_message() with:
2025-09-29 19:35:16 | INFO | message={'hour_of_day': 10, 'cash_type': 'card', 'money': 4.5, 'coffee_name': 'Latte', 'time_of_day': 'morning', 'weekday': 'Monday', 'month_name': 'September', 'weekdaysort': 1, 'monthsort': 9, 'date': '2025-09-29', 'time': '10:30:00', 'event_timestamp': '2025-09-29 10:30:00'}
2025-09-29 19:35:16 | INFO | db_path=WindowsPath('C:/Projects/custom_pipeline_fintel/data/test_buzz.sqlite')
2025-09-29 19:35:16 | INFO | Inserted one message into the database.
2025-09-29 19:35:16 | INFO | Deleted message with id 1 from the database.
2025-09-29 19:35:16 | INFO | Finished testing.
2025-09-29 19:35:21 | INFO | {'hour_of_day': 18, 'cash_type': 'card', 'money': 27.92, 'coffee_name': 'Americano', 'Time_of_Day': 'Night', 'Weekday': 'Thu', 'Month_name': 'May', 'Weekdaysort': '4', 'Monthsort': '5', 'Date': '09/05/2024', 'Time': '01:29.9', 'event_timestamp': '2025-09-29 19:35:21'}
2025-09-29 19:35:26 | INFO | {'hour_of_day': 18, 'cash_type': 'card', 'money': 32.82, 'coffee_name': 'Americano with Milk', 'Time_of_Day': 'Night', 'Weekday': 'Thu', 'Month_name': 'May', 'Weekdaysort': '4', 'Monthsort': '5', 'Date': '09/05/2024', 'Time': '13:56.2', 'event_timestamp': '2025-09-29 19:35:26'}
2025-09-29 19:35:31 | INFO | {'hour_of_day': 15, 'cash_type': 'card', 'money': 37.72, 'coffee_name': 'Latte', 'Time_of_Day': 'Afternoon', 'Weekday': 'Fri', 'Month_name': 'May', 'Weekdaysort': '5', 'Monthsort': '5', 'Date': '10/05/2024', 'Time': '46:21.5', 'event_timestamp': '2025-09-29 19:35:31'}
2025-09-29 19:35:36 | INFO | {'hour_of_day': 15, 'cash_type': 'card', 'money': 37.72, 'coffee_name': 'Latte', 'Time_of_Day': 'Afternoon', 'Weekday': 'Fri', 'Month_name': 'May', 'Weekdaysort': '5', 'Monthsort': '5', 'Date': '10/05/2024', 'Time': '47:32.5', 'event_timestamp': '2025-09-29 19:35:36'}
2025-09-29 19:35:41 | INFO | {'hour_of_day': 11, 'cash_type': 'card', 'money': 37.72, 'coffee_name': 'Latte', 'Time_of_Day': 'Morning', 'Weekday': 'Sat', 'Month_name': 'May', 'Weekdaysort': '6', 'Monthsort': '5', 'Date': '11/05/2024', 'Time': '39:52.9', 'event_timestamp': '2025-09-29 19:35:41'}
2025-09-29 19:35:46 | INFO | {'hour_of_day': 17, 'cash_type': 'card', 'money': 32.82, 'coffee_name': 'Americano with Milk', 'Time_of_Day': 'Night', 'Weekday': 'Sat', 'Month_name': 'May', 'Weekdaysort': '6', 'Monthsort': '5', 'Date': '11/05/2024', 'Time': '20:30.4', 'event_timestamp': '2025-09-29 19:35:46'}
2025-09-29 19:35:51 | INFO | {'hour_of_day': 17, 'cash_type': 'card', 'money': 37.72, 'coffee_name': 'Cocoa', 'Time_of_Day': 'Night', 'Weekday': 'Sat', 'Month_name': 'May', 'Weekdaysort': '6', 'Monthsort': '5', 'Date': '11/05/2024', 'Time': '21:56.1', 'event_timestamp': '2025-09-29 19:35:51'}
2025-09-29 19:35:56 | INFO | {'hour_of_day': 17, 'cash_type': 'card', 'money': 37.72, 'coffee_name': 'Cappuccino', 'Time_of_Day': 'Night', 'Weekday': 'Sat', 'Month_name': 'May', 'Weekdaysort': '6', 'Monthsort': '5', 'Date': '11/05/2024', 'Time': '23:57.3', 'event_timestamp': '2025-09-29 19:35:56'}
2025-09-29 19:36:01 | INFO | {'hour_of_day': 17, 'cash_type': 'card', 'money': 32.82, 'coffee_name': 'Americano with Milk', 'Time_of_Day': 'Night', 'Weekday': 'Sat', 'Month_name': 'May', 'Weekdaysort': '6', 'Monthsort': '5', 'Date': '11/05/2024', 'Time': '28:54.1', 'event_timestamp': '2025-09-29 19:36:01'}
2025-09-29 19:36:07 | INFO | {'hour_of_day': 18, 'cash_type': 'card', 'money': 37.72, 'coffee_name': 'Cappuccino', 'Time_of_Day': 'Night', 'Weekday': 'Sat', 'Month_name': 'May', 'Weekdaysort': '6', 'Monthsort': '5', 'Date': '11/05/2024', 'Time': '35:40.3', 'event_timestamp': '2025-09-29 19:36:07'}
2025-09-29 19:36:12 | INFO | {'hour_of_day': 19, 'cash_type': 'card', 'money': 37.72, 'coffee_name': 'Latte', 'Time_of_Day': 'Night', 'Weekday': 'Sat', 'Month_name': 'May', 'Weekdaysort': '6', 'Monthsort': '5', 'Date': '11/05/2024', 'Time': '38:16.1', 'event_timestamp': '2025-09-29 19:36:12'}
2025-09-29 19:36:17 | INFO | {'hour_of_day': 10, 'cash_type': 'card', 'money': 37.72, 'coffee_name': 'Latte', 'Time_of_Day': 'Morning', 'Weekday': 'Sun', 'Month_name': 'May', 'Weekdaysort': '7', 'Monthsort': '5', 'Date': '12/05/2024', 'Time': '20:42.5', 'event_timestamp': '2025-09-29 19:36:17'}
2025-09-29 19:36:22 | INFO | {'hour_of_day': 13, 'cash_type': 'card', 'money': 37.72, 'coffee_name': 'Latte', 'Time_of_Day': 'Afternoon', 'Weekday': 'Sun', 'Month_name': 'May', 'Weekdaysort': '7', 'Monthsort': '5', 'Date': '12/05/2024', 'Time': '24:03.5', 'event_timestamp': '2025-09-29 19:36:22'}
2025-09-29 19:36:27 | INFO | {'hour_of_day': 13, 'cash_type': 'card', 'money': 27.92, 'coffee_name': 'Americano', 'Time_of_Day': 'Afternoon', 'Weekday': 'Sun', 'Month_name': 'May', 'Weekdaysort': '7', 'Monthsort': '5', 'Date': '12/05/2024', 'Time': '27:39.0', 'event_timestamp': '2025-09-29 19:36:27'}
2025-09-29 19:36:32 | INFO | {'hour_of_day': 15, 'cash_type': 'card', 'money': 37.72, 'coffee_name': 'Latte', 'Time_of_Day': 'Afternoon', 'Weekday': 'Sun', 'Month_name': 'May', 'Weekdaysort': '7', 'Monthsort': '5', 'Date': '12/05/2024', 'Time': '16:19.8', 'event_timestamp': '2025-09-29 19:36:32'}
2025-09-29 19:36:37 | INFO | {'hour_of_day': 15, 'cash_type': 'card', 'money': 32.82, 'coffee_name': 'Americano with Milk', 'Time_of_Day': 'Afternoon', 'Weekday': 'Sun', 'Month_name': 'May', 'Weekdaysort': '7', 'Monthsort': '5', 'Date': '12/05/2024', 'Time': '38:02.4', 'event_timestamp': '2025-09-29 19:36:37'}
2025-09-29 19:36:42 | INFO | {'hour_of_day': 15, 'cash_type': 'card', 'money': 32.82, 'coffee_name': 'Americano with Milk', 'Time_of_Day': 'Afternoon', 'Weekday': 'Sun', 'Month_name': 'May', 'Weekdaysort': '7', 'Monthsort': '5', 'Date': '12/05/2024', 'Time': '52:14.9', 'event_timestamp': '2025-09-29 19:36:42'}
2025-09-29 19:36:47 | INFO | {'hour_of_day': 16, 'cash_type': 'card', 'money': 32.82, 'coffee_name': 'Americano with Milk', 'Time_of_Day': 'Afternoon', 'Weekday': 'Sun', 'Month_name': 'May', 'Weekdaysort': '7', 'Monthsort': '5', 'Date': '12/05/2024', 'Time': '04:21.1', 'event_timestamp': '2025-09-29 19:36:47'}
2025-09-29 19:36:52 | INFO | {'hour_of_day': 19, 'cash_type': 'card', 'money': 32.82, 'coffee_name': 'Americano with Milk', 'Time_of_Day': 'Night', 'Weekday': 'Sun', 'Month_name': 'May', 'Weekdaysort': '7', 'Monthsort': '5', 'Date': '12/05/2024', 'Time': '41:30.6', 'event_timestamp': '2025-09-29 19:36:52'}
2025-09-29 19:36:58 | INFO | {'hour_of_day': 11, 'cash_type': 'card', 'money': 32.82, 'coffee_name': 'Americano with Milk', 'Time_of_Day': 'Morning', 'Weekday': 'Mon', 'Month_name': 'May', 'Weekdaysort': '1', 'Monthsort': '5', 'Date': '13/05/2024', 'Time': '03:53.3', 'event_timestamp': '2025-09-29 19:36:58'}
2025-09-29 19:37:03 | INFO | {'hour_of_day': 8, 'cash_type': 'card', 'money': 27.92, 'coffee_name': 'Americano', 'Time_of_Day': 'Morning', 'Weekday': 'Tue', 'Month_name': 'May', 'Weekdaysort': '2', 'Monthsort': '5', 'Date': '14/05/2024', 'Time': '38:14.6', 'event_timestamp': '2025-09-29 19:37:03'}
2025-09-29 19:37:08 | INFO | {'hour_of_day': 8, 'cash_type': 'card', 'money': 27.92, 'coffee_name': 'Americano', 'Time_of_Day': 'Morning', 'Weekday': 'Tue', 'Month_name': 'May', 'Weekdaysort': '2', 'Monthsort': '5', 'Date': '14/05/2024', 'Time': '39:25.5', 'event_timestamp': '2025-09-29 19:37:08'}
2025-09-29 19:37:13 | INFO | {'hour_of_day': 8, 'cash_type': 'card', 'money': 27.92, 'coffee_name': 'Americano', 'Time_of_Day': 'Morning', 'Weekday': 'Tue', 'Month_name': 'May', 'Weekdaysort': '2', 'Monthsort': '5', 'Date': '14/05/2024', 'Time': '40:17.5', 'event_timestamp': '2025-09-29 19:37:13'}
2025-09-29 19:37:18 | INFO | {'hour_of_day': 10, 'cash_type': 'card', 'money': 37.72, 'coffee_name': 'Cappuccino', 'Time_of_Day': 'Morning', 'Weekday': 'Tue', 'Month_name': 'May', 'Weekdaysort': '2', 'Monthsort': '5', 'Date': '14/05/2024', 'Time': '19:23.2', 'event_timestamp': '2025-09-29 19:37:18'}
2025-09-29 19:37:23 | INFO | {'hour_of_day': 11, 'cash_type': 'card', 'money': 37.72, 'coffee_name': 'Latte', 'Time_of_Day': 'Morning', 'Weekday': 'Tue', 'Month_name': 'May', 'Weekdaysort': '2', 'Monthsort': '5', 'Date': '14/05/2024', 'Time': '32:29.4', 'event_timestamp': '2025-09-29 19:37:23'}
2025-09-29 19:37:28 | INFO | {'hour_of_day': 11, 'cash_type': 'card', 'money': 37.72, 'coffee_name': 'Cappuccino', 'Time_of_Day': 'Morning', 'Weekday': 'Tue', 'Month_name': 'May', 'Weekdaysort': '2', 'Monthsort': '5', 'Date': '14/05/2024', 'Time': '34:12.9', 'event_timestamp': '2025-09-29 19:37:28'}
2025-09-29 19:37:33 | INFO | {'hour_of_day': 14, 'cash_type': 'card', 'money': 37.72, 'coffee_name': 'Cappuccino', 'Time_of_Day': 'Afternoon', 'Weekday': 'Tue', 'Month_name': 'May', 'Weekdaysort': '2', 'Monthsort': '5', 'Date': '14/05/2024', 'Time': '04:54.6', 'event_timestamp': '2025-09-29 19:37:33'}
2025-09-29 19:37:38 | INFO | {'hour_of_day': 14, 'cash_type': 'card', 'money': 32.82, 'coffee_name': 'Americano with Milk', 'Time_of_Day': 'Afternoon', 'Weekday': 'Tue', 'Month_name': 'May', 'Weekdaysort': '2', 'Monthsort': '5', 'Date': '14/05/2024', 'Time': '06:00.4', 'event_timestamp': '2025-09-29 19:37:38'}
2025-09-29 19:37:43 | INFO | {'hour_of_day': 15, 'cash_type': 'card', 'money': 27.92, 'coffee_name': 'Americano', 'Time_of_Day': 'Afternoon', 'Weekday': 'Tue', 'Month_name': 'May', 'Weekdaysort': '2', 'Monthsort': '5', 'Date': '14/05/2024', 'Time': '01:54.8', 'event_timestamp': '2025-09-29 19:37:43'}
2025-09-29 19:37:48 | INFO | {'hour_of_day': 16, 'cash_type': 'card', 'money': 32.82, 'coffee_name': 'Americano with Milk', 'Time_of_Day': 'Afternoon', 'Weekday': 'Tue', 'Month_name': 'May', 'Weekdaysort': '2', 'Monthsort': '5', 'Date': '14/05/2024', 'Time': '57:57.2', 'event_timestamp': '2025-09-29 19:37:48'}
2025-09-29 19:37:52 | INFO | Logging to file: logs/project_log.log
2025-09-29 19:37:52 | INFO | Log sanitization enabled, personal info removed
2025-09-29 19:37:52 | INFO | Starting db testing.
2025-09-29 19:37:52 | INFO | BASE_DATA_DIR: PROJECT_ROOT/data
2025-09-29 19:37:52 | INFO | Calling SQLite init_db() with db_path=WindowsPath('C:/Projects/custom_pipeline_fintel/data/test_buzz.sqlite').
2025-09-29 19:37:52 | INFO | SUCCESS: Got a cursor to execute SQL.
2025-09-29 19:37:52 | INFO | SUCCESS: Database initialized and table ready at PROJECT_ROOT/data/test_buzz.sqlite.
2025-09-29 19:37:52 | INFO | Initialized database file at PROJECT_ROOT/data/test_buzz.sqlite.
2025-09-29 19:37:52 | INFO | Calling SQLite insert_message() with:
2025-09-29 19:37:52 | INFO | message={'hour_of_day': 10, 'cash_type': 'card', 'money': 4.5, 'coffee_name': 'Latte', 'time_of_day': 'morning', 'weekday': 'Monday', 'month_name': 'September', 'weekdaysort': 1, 'monthsort': 9, 'date': '2025-09-29', 'time': '10:30:00', 'event_timestamp': '2025-09-29 10:30:00'}
2025-09-29 19:37:52 | INFO | db_path=WindowsPath('C:/Projects/custom_pipeline_fintel/data/test_buzz.sqlite')
2025-09-29 19:37:52 | INFO | Inserted one message into the database.
2025-09-29 19:37:52 | INFO | Deleted message with id 1 from the database.
2025-09-29 19:37:52 | INFO | Finished testing.
