2025-09-29 19:17:29 | INFO | {'hour_of_day': 17, 'cash_type': 'card', 'money': 38.7, 'coffee_name': 'Latte', 'Time_of_Day': 'Night', 'Weekday': 'Thu', 'Month_name': 'Mar', 'Weekdaysort': '4', 'Monthsort': '3', 'Date': '28/03/2024', 'Time': '32:44.7', 'event_timestamp': '2025-09-29 19:17:29'}
2025-09-29 19:17:35 | INFO | {'hour_of_day': 10, 'cash_type': 'card', 'money': 38.7, 'coffee_name': 'Latte', 'Time_of_Day': 'Morning', 'Weekday': 'Fri', 'Month_name': 'Mar', 'Weekdaysort': '5', 'Monthsort': '3', 'Date': '29/03/2024', 'Time': '56:19.5', 'event_timestamp': '2025-09-29 19:17:35'}
2025-09-29 19:17:40 | INFO | {'hour_of_day': 12, 'cash_type': 'card', 'money': 38.7, 'coffee_name': 'Cappuccino', 'Time_of_Day': 'Afternoon', 'Weekday': 'Fri', 'Month_name': 'Mar', 'Weekdaysort': '5', 'Monthsort': '3', 'Date': '29/03/2024', 'Time': '34:17.4', 'event_timestamp': '2025-09-29 19:17:40'}
2025-09-29 19:17:45 | INFO | {'hour_of_day': 12, 'cash_type': 'card', 'money': 38.7, 'coffee_name': 'Cappuccino', 'Time_of_Day': 'Afternoon', 'Weekday': 'Fri', 'Month_name': 'Mar', 'Weekdaysort': '5', 'Monthsort': '3', 'Date': '29/03/2024', 'Time': '41:32.1', 'event_timestamp': '2025-09-29 19:17:45'}
2025-09-29 19:17:50 | INFO | {'hour_of_day': 11, 'cash_type': 'card', 'money': 38.7, 'coffee_name': 'Latte', 'Time_of_Day': 'Morning', 'Weekday': 'Sat', 'Month_name': 'Mar', 'Weekdaysort': '6', 'Monthsort': '3', 'Date': '30/03/2024', 'Time': '59:19.9', 'event_timestamp': '2025-09-29 19:17:50'}
2025-09-29 19:17:55 | INFO | {'hour_of_day': 16, 'cash_type': 'card', 'money': 38.7, 'coffee_name': 'Latte', 'Time_of_Day': 'Afternoon', 'Weekday': 'Sat', 'Month_name': 'Mar', 'Weekdaysort': '6', 'Monthsort': '3', 'Date': '30/03/2024', 'Time': '12:31.8', 'event_timestamp': '2025-09-29 19:17:55'}
2025-09-29 19:18:00 | INFO | {'hour_of_day': 16, 'cash_type': 'card', 'money': 38.7, 'coffee_name': 'Latte', 'Time_of_Day': 'Afternoon', 'Weekday': 'Sat', 'Month_name': 'Mar', 'Weekdaysort': '6', 'Monthsort': '3', 'Date': '30/03/2024', 'Time': '36:40.5', 'event_timestamp': '2025-09-29 19:18:00'}
2025-09-29 19:18:05 | INFO | {'hour_of_day': 16, 'cash_type': 'card', 'money': 33.8, 'coffee_name': 'Americano with Milk', 'Time_of_Day': 'Afternoon', 'Weekday': 'Sat', 'Month_name': 'Mar', 'Weekdaysort': '6', 'Monthsort': '3', 'Date': '30/03/2024', 'Time': '37:57.6', 'event_timestamp': '2025-09-29 19:18:05'}
2025-09-29 19:18:10 | INFO | {'hour_of_day': 10, 'cash_type': 'card', 'money': 38.7, 'coffee_name': 'Cappuccino', 'Time_of_Day': 'Morning', 'Weekday': 'Sun', 'Month_name': 'Mar', 'Weekdaysort': '7', 'Monthsort': '3', 'Date': '31/03/2024', 'Time': '40:04.5', 'event_timestamp': '2025-09-29 19:18:10'}
2025-09-29 19:18:15 | INFO | {'hour_of_day': 10, 'cash_type': 'card', 'money': 28.9, 'coffee_name': 'Americano', 'Time_of_Day': 'Morning', 'Weekday': 'Mon', 'Month_name': 'Apr', 'Weekdaysort': '1', 'Monthsort': '4', 'Date': '01/04/2024', 'Time': '28:47.6', 'event_timestamp': '2025-09-29 19:18:15'}
2025-09-29 19:18:20 | INFO | {'hour_of_day': 10, 'cash_type': 'card', 'money': 33.8, 'coffee_name': 'Americano with Milk', 'Time_of_Day': 'Morning', 'Weekday': 'Mon', 'Month_name': 'Apr', 'Weekdaysort': '1', 'Monthsort': '4', 'Date': '01/04/2024', 'Time': '29:42.3', 'event_timestamp': '2025-09-29 19:18:20'}
2025-09-29 19:18:25 | INFO | {'hour_of_day': 10, 'cash_type': 'card', 'money': 33.8, 'coffee_name': 'Americano with Milk', 'Time_of_Day': 'Morning', 'Weekday': 'Mon', 'Month_name': 'Apr', 'Weekdaysort': '1', 'Monthsort': '4', 'Date': '01/04/2024', 'Time': '30:43.7', 'event_timestamp': '2025-09-29 19:18:25'}
2025-09-29 19:18:30 | INFO | {'hour_of_day': 11, 'cash_type': 'card', 'money': 33.8, 'coffee_name': 'Americano with Milk', 'Time_of_Day': 'Morning', 'Weekday': 'Mon', 'Month_name': 'Apr', 'Weekdaysort': '1', 'Monthsort': '4', 'Date': '01/04/2024', 'Time': '15:43.8', 'event_timestamp': '2025-09-29 19:18:30'}
2025-09-29 19:18:35 | INFO | {'hour_of_day': 18, 'cash_type': 'card', 'money': 33.8, 'coffee_name': 'Americano with Milk', 'Time_of_Day': 'Night', 'Weekday': 'Mon', 'Month_name': 'Apr', 'Weekdaysort': '1', 'Monthsort': '4', 'Date': '01/04/2024', 'Time': '18:42.4', 'event_timestamp': '2025-09-29 19:18:35'}
2025-09-29 19:18:40 | INFO | {'hour_of_day': 18, 'cash_type': 'card', 'money': 38.7, 'coffee_name': 'Hot Chocolate', 'Time_of_Day': 'Night', 'Weekday': 'Mon', 'Month_name': 'Apr', 'Weekdaysort': '1', 'Monthsort': '4', 'Date': '01/04/2024', 'Time': '45:27.4', 'event_timestamp': '2025-09-29 19:18:40'}
2025-09-29 19:18:45 | INFO | {'hour_of_day': 10, 'cash_type': 'card', 'money': 38.7, 'coffee_name': 'Latte', 'Time_of_Day': 'Morning', 'Weekday': 'Tue', 'Month_name': 'Apr', 'Weekdaysort': '2', 'Monthsort': '4', 'Date': '02/04/2024', 'Time': '01:14.0', 'event_timestamp': '2025-09-29 19:18:45'}
2025-09-29 19:18:51 | INFO | {'hour_of_day': 16, 'cash_type': 'card', 'money': 28.9, 'coffee_name': 'Americano', 'Time_of_Day': 'Afternoon', 'Weekday': 'Tue', 'Month_name': 'Apr', 'Weekdaysort': '2', 'Monthsort': '4', 'Date': '02/04/2024', 'Time': '18:34.2', 'event_timestamp': '2025-09-29 19:18:51'}
2025-09-29 19:18:56 | INFO | {'hour_of_day': 16, 'cash_type': 'card', 'money': 28.9, 'coffee_name': 'Cortado', 'Time_of_Day': 'Afternoon', 'Weekday': 'Tue', 'Month_name': 'Apr', 'Weekdaysort': '2', 'Monthsort': '4', 'Date': '02/04/2024', 'Time': '19:28.5', 'event_timestamp': '2025-09-29 19:18:56'}
2025-09-29 19:19:01 | INFO | {'hour_of_day': 10, 'cash_type': 'card', 'money': 28.9, 'coffee_name': 'Cortado', 'Time_of_Day': 'Morning', 'Weekday': 'Wed', 'Month_name': 'Apr', 'Weekdaysort': '3', 'Monthsort': '4', 'Date': '03/04/2024', 'Time': '19:13.6', 'event_timestamp': '2025-09-29 19:19:01'}
2025-09-29 19:19:06 | INFO | {'hour_of_day': 10, 'cash_type': 'card', 'money': 28.9, 'coffee_name': 'Americano', 'Time_of_Day': 'Morning', 'Weekday': 'Wed', 'Month_name': 'Apr', 'Weekdaysort': '3', 'Monthsort': '4', 'Date': '03/04/2024', 'Time': '20:07.7', 'event_timestamp': '2025-09-29 19:19:06'}
2025-09-29 19:19:11 | INFO | {'hour_of_day': 13, 'cash_type': 'card', 'money': 38.7, 'coffee_name': 'Cappuccino', 'Time_of_Day': 'Afternoon', 'Weekday': 'Wed', 'Month_name': 'Apr', 'Weekdaysort': '3', 'Monthsort': '4', 'Date': '03/04/2024', 'Time': '12:05.4', 'event_timestamp': '2025-09-29 19:19:11'}
2025-09-29 19:19:16 | INFO | {'hour_of_day': 10, 'cash_type': 'card', 'money': 38.7, 'coffee_name': 'Latte', 'Time_of_Day': 'Morning', 'Weekday': 'Thu', 'Month_name': 'Apr', 'Weekdaysort': '4', 'Monthsort': '4', 'Date': '04/04/2024', 'Time': '44:56.0', 'event_timestamp': '2025-09-29 19:19:16'}
2025-09-29 19:19:21 | INFO | {'hour_of_day': 11, 'cash_type': 'card', 'money': 38.7, 'coffee_name': 'Latte', 'Time_of_Day': 'Morning', 'Weekday': 'Thu', 'Month_name': 'Apr', 'Weekdaysort': '4', 'Monthsort': '4', 'Date': '04/04/2024', 'Time': '26:38.1', 'event_timestamp': '2025-09-29 19:19:21'}
2025-09-29 19:19:26 | INFO | {'hour_of_day': 11, 'cash_type': 'card', 'money': 38.7, 'coffee_name': 'Cappuccino', 'Time_of_Day': 'Morning', 'Weekday': 'Thu', 'Month_name': 'Apr', 'Weekdaysort': '4', 'Monthsort': '4', 'Date': '04/04/2024', 'Time': '27:48.4', 'event_timestamp': '2025-09-29 19:19:26'}
2025-09-29 19:19:31 | INFO | {'hour_of_day': 12, 'cash_type': 'card', 'money': 28.9, 'coffee_name': 'Cortado', 'Time_of_Day': 'Afternoon', 'Weekday': 'Thu', 'Month_name': 'Apr', 'Weekdaysort': '4', 'Monthsort': '4', 'Date': '04/04/2024', 'Time': '23:02.2', 'event_timestamp': '2025-09-29 19:19:31'}
2025-09-29 19:19:36 | INFO | {'hour_of_day': 10, 'cash_type': 'card', 'money': 28.9, 'coffee_name': 'Americano', 'Time_of_Day': 'Morning', 'Weekday': 'Fri', 'Month_name': 'Apr', 'Weekdaysort': '5', 'Monthsort': '4', 'Date': '05/04/2024', 'Time': '40:42.7', 'event_timestamp': '2025-09-29 19:19:36'}
2025-09-29 19:19:41 | INFO | {'hour_of_day': 10, 'cash_type': 'card', 'money': 28.9, 'coffee_name': 'Americano', 'Time_of_Day': 'Morning', 'Weekday': 'Fri', 'Month_name': 'Apr', 'Weekdaysort': '5', 'Monthsort': '4', 'Date': '05/04/2024', 'Time': '42:06.2', 'event_timestamp': '2025-09-29 19:19:41'}
2025-09-29 19:19:46 | INFO | {'hour_of_day': 11, 'cash_type': 'card', 'money': 28.9, 'coffee_name': 'Cortado', 'Time_of_Day': 'Morning', 'Weekday': 'Fri', 'Month_name': 'Apr', 'Weekdaysort': '5', 'Monthsort': '4', 'Date': '05/04/2024', 'Time': '06:14.6', 'event_timestamp': '2025-09-29 19:19:46'}
2025-09-29 19:19:51 | INFO | {'hour_of_day': 12, 'cash_type': 'card', 'money': 33.8, 'coffee_name': 'Americano with Milk', 'Time_of_Day': 'Afternoon', 'Weekday': 'Fri', 'Month_name': 'Apr', 'Weekdaysort': '5', 'Monthsort': '4', 'Date': '05/04/2024', 'Time': '14:28.0', 'event_timestamp': '2025-09-29 19:19:51'}
2025-09-29 19:19:56 | INFO | {'hour_of_day': 14, 'cash_type': 'card', 'money': 38.7, 'coffee_name': 'Latte', 'Time_of_Day': 'Afternoon', 'Weekday': 'Fri', 'Month_name': 'Apr', 'Weekdaysort': '5', 'Monthsort': '4', 'Date': '05/04/2024', 'Time': '23:40.4', 'event_timestamp': '2025-09-29 19:19:56'}
2025-09-29 19:20:01 | INFO | {'hour_of_day': 14, 'cash_type': 'card', 'money': 28.9, 'coffee_name': 'Cortado', 'Time_of_Day': 'Afternoon', 'Weekday': 'Fri', 'Month_name': 'Apr', 'Weekdaysort': '5', 'Monthsort': '4', 'Date': '05/04/2024', 'Time': '24:50.4', 'event_timestamp': '2025-09-29 19:20:01'}
2025-09-29 19:20:07 | INFO | {'hour_of_day': 16, 'cash_type': 'card', 'money': 24.0, 'coffee_name': 'Espresso', 'Time_of_Day': 'Afternoon', 'Weekday': 'Fri', 'Month_name': 'Apr', 'Weekdaysort': '5', 'Monthsort': '4', 'Date': '05/04/2024', 'Time': '18:23.6', 'event_timestamp': '2025-09-29 19:20:07'}
2025-09-29 19:20:12 | INFO | {'hour_of_day': 12, 'cash_type': 'card', 'money': 33.8, 'coffee_name': 'Americano with Milk', 'Time_of_Day': 'Afternoon', 'Weekday': 'Sat', 'Month_name': 'Apr', 'Weekdaysort': '6', 'Monthsort': '4', 'Date': '06/04/2024', 'Time': '32:31.4', 'event_timestamp': '2025-09-29 19:20:12'}
2025-09-29 19:20:17 | INFO | {'hour_of_day': 14, 'cash_type': 'card', 'money': 38.7, 'coffee_name': 'Cappuccino', 'Time_of_Day': 'Afternoon', 'Weekday': 'Sat', 'Month_name': 'Apr', 'Weekdaysort': '6', 'Monthsort': '4', 'Date': '06/04/2024', 'Time': '13:18.7', 'event_timestamp': '2025-09-29 19:20:17'}
2025-09-29 19:20:22 | INFO | {'hour_of_day': 14, 'cash_type': 'card', 'money': 28.9, 'coffee_name': 'Americano', 'Time_of_Day': 'Afternoon', 'Weekday': 'Sat', 'Month_name': 'Apr', 'Weekdaysort': '6', 'Monthsort': '4', 'Date': '06/04/2024', 'Time': '14:27.0', 'event_timestamp': '2025-09-29 19:20:22'}
2025-09-29 19:20:27 | INFO | {'hour_of_day': 14, 'cash_type': 'card', 'money': 38.7, 'coffee_name': 'Latte', 'Time_of_Day': 'Afternoon', 'Weekday': 'Sat', 'Month_name': 'Apr', 'Weekdaysort': '6', 'Monthsort': '4', 'Date': '06/04/2024', 'Time': '49:50.2', 'event_timestamp': '2025-09-29 19:20:27'}
2025-09-29 19:20:32 | INFO | {'hour_of_day': 10, 'cash_type': 'card', 'money': 38.7, 'coffee_name': 'Latte', 'Time_of_Day': 'Morning', 'Weekday': 'Sun', 'Month_name': 'Apr', 'Weekdaysort': '7', 'Monthsort': '4', 'Date': '07/04/2024', 'Time': '12:53.2', 'event_timestamp': '2025-09-29 19:20:32'}
2025-09-29 19:20:37 | INFO | {'hour_of_day': 12, 'cash_type': 'card', 'money': 38.7, 'coffee_name': 'Cappuccino', 'Time_of_Day': 'Afternoon', 'Weekday': 'Sun', 'Month_name': 'Apr', 'Weekdaysort': '7', 'Monthsort': '4', 'Date': '07/04/2024', 'Time': '44:31.9', 'event_timestamp': '2025-09-29 19:20:37'}
2025-09-29 19:20:42 | INFO | {'hour_of_day': 12, 'cash_type': 'card', 'money': 38.7, 'coffee_name': 'Cappuccino', 'Time_of_Day': 'Afternoon', 'Weekday': 'Sun', 'Month_name': 'Apr', 'Weekdaysort': '7', 'Monthsort': '4', 'Date': '07/04/2024', 'Time': '46:05.1', 'event_timestamp': '2025-09-29 19:20:42'}
2025-09-29 19:20:47 | INFO | {'hour_of_day': 14, 'cash_type': 'card', 'money': 28.9, 'coffee_name': 'Cortado', 'Time_of_Day': 'Afternoon', 'Weekday': 'Sun', 'Month_name': 'Apr', 'Weekdaysort': '7', 'Monthsort': '4', 'Date': '07/04/2024', 'Time': '16:24.9', 'event_timestamp': '2025-09-29 19:20:47'}
2025-09-29 19:20:52 | INFO | {'hour_of_day': 14, 'cash_type': 'card', 'money': 24.0, 'coffee_name': 'Espresso', 'Time_of_Day': 'Afternoon', 'Weekday': 'Sun', 'Month_name': 'Apr', 'Weekdaysort': '7', 'Monthsort': '4', 'Date': '07/04/2024', 'Time': '17:30.6', 'event_timestamp': '2025-09-29 19:20:52'}
2025-09-29 19:20:57 | INFO | {'hour_of_day': 18, 'cash_type': 'card', 'money': 38.7, 'coffee_name': 'Hot Chocolate', 'Time_of_Day': 'Night', 'Weekday': 'Sun', 'Month_name': 'Apr', 'Weekdaysort': '7', 'Monthsort': '4', 'Date': '07/04/2024', 'Time': '01:16.6', 'event_timestamp': '2025-09-29 19:20:57'}
2025-09-29 19:21:02 | INFO | {'hour_of_day': 18, 'cash_type': 'card', 'money': 33.8, 'coffee_name': 'Americano with Milk', 'Time_of_Day': 'Night', 'Weekday': 'Sun', 'Month_name': 'Apr', 'Weekdaysort': '7', 'Monthsort': '4', 'Date': '07/04/2024', 'Time': '02:03.9', 'event_timestamp': '2025-09-29 19:21:02'}
2025-09-29 19:21:07 | INFO | {'hour_of_day': 10, 'cash_type': 'card', 'money': 33.8, 'coffee_name': 'Americano with Milk', 'Time_of_Day': 'Morning', 'Weekday': 'Mon', 'Month_name': 'Apr', 'Weekdaysort': '1', 'Monthsort': '4', 'Date': '08/04/2024', 'Time': '58:21.1', 'event_timestamp': '2025-09-29 19:21:07'}
2025-09-29 19:21:12 | INFO | {'hour_of_day': 10, 'cash_type': 'card', 'money': 38.7, 'coffee_name': 'Cappuccino', 'Time_of_Day': 'Morning', 'Weekday': 'Mon', 'Month_name': 'Apr', 'Weekdaysort': '1', 'Monthsort': '4', 'Date': '08/04/2024', 'Time': '59:27.6', 'event_timestamp': '2025-09-29 19:21:12'}
2025-09-29 19:21:18 | INFO | {'hour_of_day': 11, 'cash_type': 'card', 'money': 28.9, 'coffee_name': 'Americano', 'Time_of_Day': 'Morning', 'Weekday': 'Mon', 'Month_name': 'Apr', 'Weekdaysort': '1', 'Monthsort': '4', 'Date': '08/04/2024', 'Time': '01:20.5', 'event_timestamp': '2025-09-29 19:21:18'}
2025-09-29 19:21:23 | INFO | {'hour_of_day': 11, 'cash_type': 'card', 'money': 38.7, 'coffee_name': 'Cappuccino', 'Time_of_Day': 'Morning', 'Weekday': 'Mon', 'Month_name': 'Apr', 'Weekdaysort': '1', 'Monthsort': '4', 'Date': '08/04/2024', 'Time': '04:47.0', 'event_timestamp': '2025-09-29 19:21:23'}
2025-09-29 19:21:28 | INFO | {'hour_of_day': 16, 'cash_type': 'card', 'money': 38.7, 'coffee_name': 'Latte', 'Time_of_Day': 'Afternoon', 'Weekday': 'Mon', 'Month_name': 'Apr', 'Weekdaysort': '1', 'Monthsort': '4', 'Date': '08/04/2024', 'Time': '41:37.8', 'event_timestamp': '2025-09-29 19:21:28'}
2025-09-29 19:21:33 | INFO | {'hour_of_day': 18, 'cash_type': 'card', 'money': 28.9, 'coffee_name': 'Americano', 'Time_of_Day': 'Night', 'Weekday': 'Mon', 'Month_name': 'Apr', 'Weekdaysort': '1', 'Monthsort': '4', 'Date': '08/04/2024', 'Time': '18:09.7', 'event_timestamp': '2025-09-29 19:21:33'}
2025-09-29 19:21:38 | INFO | {'hour_of_day': 19, 'cash_type': 'card', 'money': 33.8, 'coffee_name': 'Americano with Milk', 'Time_of_Day': 'Night', 'Weekday': 'Mon', 'Month_name': 'Apr', 'Weekdaysort': '1', 'Monthsort': '4', 'Date': '08/04/2024', 'Time': '22:27.5', 'event_timestamp': '2025-09-29 19:21:38'}
2025-09-29 19:21:43 | INFO | {'hour_of_day': 19, 'cash_type': 'card', 'money': 38.7, 'coffee_name': 'Cappuccino', 'Time_of_Day': 'Night', 'Weekday': 'Mon', 'Month_name': 'Apr', 'Weekdaysort': '1', 'Monthsort': '4', 'Date': '08/04/2024', 'Time': '23:59.3', 'event_timestamp': '2025-09-29 19:21:43'}
2025-09-29 19:21:48 | INFO | {'hour_of_day': 11, 'cash_type': 'card', 'money': 38.7, 'coffee_name': 'Latte', 'Time_of_Day': 'Morning', 'Weekday': 'Tue', 'Month_name': 'Apr', 'Weekdaysort': '2', 'Monthsort': '4', 'Date': '09/04/2024', 'Time': '42:28.5', 'event_timestamp': '2025-09-29 19:21:48'}
2025-09-29 19:21:53 | INFO | {'hour_of_day': 15, 'cash_type': 'card', 'money': 38.7, 'coffee_name': 'Hot Chocolate', 'Time_of_Day': 'Afternoon', 'Weekday': 'Tue', 'Month_name': 'Apr', 'Weekdaysort': '2', 'Monthsort': '4', 'Date': '09/04/2024', 'Time': '11:48.7', 'event_timestamp': '2025-09-29 19:21:53'}
2025-09-29 19:21:58 | INFO | {'hour_of_day': 17, 'cash_type': 'card', 'money': 38.7, 'coffee_name': 'Hot Chocolate', 'Time_of_Day': 'Night', 'Weekday': 'Tue', 'Month_name': 'Apr', 'Weekdaysort': '2', 'Monthsort': '4', 'Date': '09/04/2024', 'Time': '25:23.9', 'event_timestamp': '2025-09-29 19:21:58'}
2025-09-29 19:22:03 | INFO | {'hour_of_day': 17, 'cash_type': 'card', 'money': 24.0, 'coffee_name': 'Espresso', 'Time_of_Day': 'Night', 'Weekday': 'Wed', 'Month_name': 'Apr', 'Weekdaysort': '3', 'Monthsort': '4', 'Date': '10/04/2024', 'Time': '55:31.2', 'event_timestamp': '2025-09-29 19:22:03'}
2025-09-29 19:22:08 | INFO | {'hour_of_day': 18, 'cash_type': 'card', 'money': 38.7, 'coffee_name': 'Cappuccino', 'Time_of_Day': 'Night', 'Weekday': 'Wed', 'Month_name': 'Apr', 'Weekdaysort': '3', 'Monthsort': '4', 'Date': '10/04/2024', 'Time': '24:59.3', 'event_timestamp': '2025-09-29 19:22:08'}
2025-09-29 19:22:13 | INFO | {'hour_of_day': 20, 'cash_type': 'card', 'money': 38.7, 'coffee_name': 'Latte', 'Time_of_Day': 'Night', 'Weekday': 'Wed', 'Month_name': 'Apr', 'Weekdaysort': '3', 'Monthsort': '4', 'Date': '10/04/2024', 'Time': '04:05.4', 'event_timestamp': '2025-09-29 19:22:13'}
2025-09-29 19:22:18 | INFO | {'hour_of_day': 10, 'cash_type': 'card', 'money': 28.9, 'coffee_name': 'Americano', 'Time_of_Day': 'Morning', 'Weekday': 'Thu', 'Month_name': 'Apr', 'Weekdaysort': '4', 'Monthsort': '4', 'Date': '11/04/2024', 'Time': '41:23.2', 'event_timestamp': '2025-09-29 19:22:18'}
2025-09-29 19:22:23 | INFO | {'hour_of_day': 10, 'cash_type': 'card', 'money': 28.9, 'coffee_name': 'Americano', 'Time_of_Day': 'Morning', 'Weekday': 'Thu', 'Month_name': 'Apr', 'Weekdaysort': '4', 'Monthsort': '4', 'Date': '11/04/2024', 'Time': '42:59.4', 'event_timestamp': '2025-09-29 19:22:23'}
2025-09-29 19:22:28 | INFO | {'hour_of_day': 16, 'cash_type': 'card', 'money': 38.7, 'coffee_name': 'Latte', 'Time_of_Day': 'Afternoon', 'Weekday': 'Thu', 'Month_name': 'Apr', 'Weekdaysort': '4', 'Monthsort': '4', 'Date': '11/04/2024', 'Time': '35:23.1', 'event_timestamp': '2025-09-29 19:22:28'}
2025-09-29 19:22:33 | INFO | {'hour_of_day': 19, 'cash_type': 'card', 'money': 38.7, 'coffee_name': 'Cappuccino', 'Time_of_Day': 'Night', 'Weekday': 'Thu', 'Month_name': 'Apr', 'Weekdaysort': '4', 'Monthsort': '4', 'Date': '11/04/2024', 'Time': '16:56.6', 'event_timestamp': '2025-09-29 19:22:33'}
2025-09-29 19:22:39 | INFO | {'hour_of_day': 19, 'cash_type': 'card', 'money': 33.8, 'coffee_name': 'Americano with Milk', 'Time_of_Day': 'Night', 'Weekday': 'Thu', 'Month_name': 'Apr', 'Weekdaysort': '4', 'Monthsort': '4', 'Date': '11/04/2024', 'Time': '18:36.6', 'event_timestamp': '2025-09-29 19:22:39'}
2025-09-29 19:22:44 | INFO | {'hour_of_day': 19, 'cash_type': 'card', 'money': 38.7, 'coffee_name': 'Hot Chocolate', 'Time_of_Day': 'Night', 'Weekday': 'Fri', 'Month_name': 'Apr', 'Weekdaysort': '5', 'Monthsort': '4', 'Date': '12/04/2024', 'Time': '03:43.4', 'event_timestamp': '2025-09-29 19:22:44'}
2025-09-29 19:22:49 | INFO | {'hour_of_day': 19, 'cash_type': 'card', 'money': 28.9, 'coffee_name': 'Cortado', 'Time_of_Day': 'Night', 'Weekday': 'Fri', 'Month_name': 'Apr', 'Weekdaysort': '5', 'Monthsort': '4', 'Date': '12/04/2024', 'Time': '38:23.2', 'event_timestamp': '2025-09-29 19:22:49'}
2025-09-29 19:22:54 | INFO | {'hour_of_day': 12, 'cash_type': 'card', 'money': 38.7, 'coffee_name': 'Latte', 'Time_of_Day': 'Afternoon', 'Weekday': 'Sat', 'Month_name': 'Apr', 'Weekdaysort': '6', 'Monthsort': '4', 'Date': '13/04/2024', 'Time': '29:19.8', 'event_timestamp': '2025-09-29 19:22:54'}
2025-09-29 19:22:59 | INFO | {'hour_of_day': 12, 'cash_type': 'card', 'money': 28.9, 'coffee_name': 'Americano', 'Time_of_Day': 'Afternoon', 'Weekday': 'Sat', 'Month_name': 'Apr', 'Weekdaysort': '6', 'Monthsort': '4', 'Date': '13/04/2024', 'Time': '43:02.4', 'event_timestamp': '2025-09-29 19:22:59'}
2025-09-29 19:23:04 | INFO | {'hour_of_day': 16, 'cash_type': 'card', 'money': 38.7, 'coffee_name': 'Cappuccino', 'Time_of_Day': 'Afternoon', 'Weekday': 'Sat', 'Month_name': 'Apr', 'Weekdaysort': '6', 'Monthsort': '4', 'Date': '13/04/2024', 'Time': '18:03.9', 'event_timestamp': '2025-09-29 19:23:04'}
2025-09-29 19:23:09 | INFO | {'hour_of_day': 16, 'cash_type': 'card', 'money': 38.7, 'coffee_name': 'Latte', 'Time_of_Day': 'Afternoon', 'Weekday': 'Sat', 'Month_name': 'Apr', 'Weekdaysort': '6', 'Monthsort': '4', 'Date': '13/04/2024', 'Time': '19:39.8', 'event_timestamp': '2025-09-29 19:23:09'}
2025-09-29 19:23:14 | INFO | {'hour_of_day': 17, 'cash_type': 'card', 'money': 38.7, 'coffee_name': 'Cappuccino', 'Time_of_Day': 'Night', 'Weekday': 'Sat', 'Month_name': 'Apr', 'Weekdaysort': '6', 'Monthsort': '4', 'Date': '13/04/2024', 'Time': '51:26.0', 'event_timestamp': '2025-09-29 19:23:14'}
2025-09-29 19:23:19 | INFO | {'hour_of_day': 17, 'cash_type': 'card', 'money': 38.7, 'coffee_name': 'Cappuccino', 'Time_of_Day': 'Night', 'Weekday': 'Sat', 'Month_name': 'Apr', 'Weekdaysort': '6', 'Monthsort': '4', 'Date': '13/04/2024', 'Time': '53:19.2', 'event_timestamp': '2025-09-29 19:23:19'}
2025-09-29 19:23:24 | INFO | {'hour_of_day': 12, 'cash_type': 'card', 'money': 38.7, 'coffee_name': 'Cappuccino', 'Time_of_Day': 'Afternoon', 'Weekday': 'Sun', 'Month_name': 'Apr', 'Weekdaysort': '7', 'Monthsort': '4', 'Date': '14/04/2024', 'Time': '24:39.0', 'event_timestamp': '2025-09-29 19:23:24'}
2025-09-29 19:23:29 | INFO | {'hour_of_day': 13, 'cash_type': 'card', 'money': 28.9, 'coffee_name': 'Cortado', 'Time_of_Day': 'Afternoon', 'Weekday': 'Sun', 'Month_name': 'Apr', 'Weekdaysort': '7', 'Monthsort': '4', 'Date': '14/04/2024', 'Time': '21:49.8', 'event_timestamp': '2025-09-29 19:23:29'}
2025-09-29 19:23:34 | INFO | {'hour_of_day': 14, 'cash_type': 'card', 'money': 28.9, 'coffee_name': 'Americano', 'Time_of_Day': 'Afternoon', 'Weekday': 'Sun', 'Month_name': 'Apr', 'Weekdaysort': '7', 'Monthsort': '4', 'Date': '14/04/2024', 'Time': '23:31.6', 'event_timestamp': '2025-09-29 19:23:34'}
2025-09-29 19:23:39 | INFO | {'hour_of_day': 14, 'cash_type': 'card', 'money': 28.9, 'coffee_name': 'Americano', 'Time_of_Day': 'Afternoon', 'Weekday': 'Sun', 'Month_name': 'Apr', 'Weekdaysort': '7', 'Monthsort': '4', 'Date': '14/04/2024', 'Time': '24:26.9', 'event_timestamp': '2025-09-29 19:23:39'}
2025-09-29 19:23:44 | INFO | {'hour_of_day': 14, 'cash_type': 'card', 'money': 28.9, 'coffee_name': 'Americano', 'Time_of_Day': 'Afternoon', 'Weekday': 'Sun', 'Month_name': 'Apr', 'Weekdaysort': '7', 'Monthsort': '4', 'Date': '14/04/2024', 'Time': '25:18.1', 'event_timestamp': '2025-09-29 19:23:44'}
2025-09-29 19:23:49 | INFO | {'hour_of_day': 15, 'cash_type': 'card', 'money': 38.7, 'coffee_name': 'Cappuccino', 'Time_of_Day': 'Afternoon', 'Weekday': 'Sun', 'Month_name': 'Apr', 'Weekdaysort': '7', 'Monthsort': '4', 'Date': '14/04/2024', 'Time': '46:27.7', 'event_timestamp': '2025-09-29 19:23:49'}
2025-09-29 19:23:55 | INFO | {'hour_of_day': 16, 'cash_type': 'card', 'money': 28.9, 'coffee_name': 'Cortado', 'Time_of_Day': 'Afternoon', 'Weekday': 'Sun', 'Month_name': 'Apr', 'Weekdaysort': '7', 'Monthsort': '4', 'Date': '14/04/2024', 'Time': '59:54.8', 'event_timestamp': '2025-09-29 19:23:55'}
2025-09-29 19:24:00 | INFO | {'hour_of_day': 17, 'cash_type': 'card', 'money': 38.7, 'coffee_name': 'Latte', 'Time_of_Day': 'Night', 'Weekday': 'Sun', 'Month_name': 'Apr', 'Weekdaysort': '7', 'Monthsort': '4', 'Date': '14/04/2024', 'Time': '00:45.4', 'event_timestamp': '2025-09-29 19:24:00'}
2025-09-29 19:24:05 | INFO | {'hour_of_day': 18, 'cash_type': 'card', 'money': 38.7, 'coffee_name': 'Cappuccino', 'Time_of_Day': 'Night', 'Weekday': 'Sun', 'Month_name': 'Apr', 'Weekdaysort': '7', 'Monthsort': '4', 'Date': '14/04/2024', 'Time': '38:19.6', 'event_timestamp': '2025-09-29 19:24:05'}
2025-09-29 19:24:07 | INFO | Logging to file: logs/project_log.log
2025-09-29 19:24:07 | INFO | Log sanitization enabled, personal info removed
2025-09-29 19:24:10 | INFO | {'hour_of_day': 11, 'cash_type': 'card', 'money': 28.9, 'coffee_name': 'Americano', 'Time_of_Day': 'Morning', 'Weekday': 'Mon', 'Month_name': 'Apr', 'Weekdaysort': '1', 'Monthsort': '4', 'Date': '15/04/2024', 'Time': '45:24.6', 'event_timestamp': '2025-09-29 19:24:10'}
2025-09-29 19:24:15 | INFO | {'hour_of_day': 17, 'cash_type': 'card', 'money': 28.9, 'coffee_name': 'Americano', 'Time_of_Day': 'Night', 'Weekday': 'Mon', 'Month_name': 'Apr', 'Weekdaysort': '1', 'Monthsort': '4', 'Date': '15/04/2024', 'Time': '01:46.4', 'event_timestamp': '2025-09-29 19:24:15'}
2025-09-29 19:24:20 | INFO | {'hour_of_day': 17, 'cash_type': 'card', 'money': 33.8, 'coffee_name': 'Americano with Milk', 'Time_of_Day': 'Night', 'Weekday': 'Mon', 'Month_name': 'Apr', 'Weekdaysort': '1', 'Monthsort': '4', 'Date': '15/04/2024', 'Time': '02:49.7', 'event_timestamp': '2025-09-29 19:24:20'}
2025-09-29 19:24:25 | INFO | {'hour_of_day': 19, 'cash_type': 'card', 'money': 33.8, 'coffee_name': 'Americano with Milk', 'Time_of_Day': 'Night', 'Weekday': 'Mon', 'Month_name': 'Apr', 'Weekdaysort': '1', 'Monthsort': '4', 'Date': '15/04/2024', 'Time': '33:03.0', 'event_timestamp': '2025-09-29 19:24:25'}
2025-09-29 19:24:30 | INFO | {'hour_of_day': 10, 'cash_type': 'card', 'money': 33.8, 'coffee_name': 'Americano with Milk', 'Time_of_Day': 'Morning', 'Weekday': 'Tue', 'Month_name': 'Apr', 'Weekdaysort': '2', 'Monthsort': '4', 'Date': '16/04/2024', 'Time': '46:25.7', 'event_timestamp': '2025-09-29 19:24:30'}
2025-09-29 19:24:35 | INFO | {'hour_of_day': 12, 'cash_type': 'card', 'money': 38.7, 'coffee_name': 'Cocoa', 'Time_of_Day': 'Afternoon', 'Weekday': 'Tue', 'Month_name': 'Apr', 'Weekdaysort': '2', 'Monthsort': '4', 'Date': '16/04/2024', 'Time': '40:47.7', 'event_timestamp': '2025-09-29 19:24:35'}
2025-09-29 19:24:40 | INFO | {'hour_of_day': 12, 'cash_type': 'card', 'money': 28.9, 'coffee_name': 'Cortado', 'Time_of_Day': 'Afternoon', 'Weekday': 'Tue', 'Month_name': 'Apr', 'Weekdaysort': '2', 'Monthsort': '4', 'Date': '16/04/2024', 'Time': '52:07.8', 'event_timestamp': '2025-09-29 19:24:40'}
2025-09-29 19:24:45 | INFO | {'hour_of_day': 15, 'cash_type': 'card', 'money': 28.9, 'coffee_name': 'Americano', 'Time_of_Day': 'Afternoon', 'Weekday': 'Tue', 'Month_name': 'Apr', 'Weekdaysort': '2', 'Monthsort': '4', 'Date': '16/04/2024', 'Time': '03:16.9', 'event_timestamp': '2025-09-29 19:24:45'}
2025-09-29 19:24:50 | INFO | {'hour_of_day': 17, 'cash_type': 'card', 'money': 33.8, 'coffee_name': 'Americano with Milk', 'Time_of_Day': 'Night', 'Weekday': 'Tue', 'Month_name': 'Apr', 'Weekdaysort': '2', 'Monthsort': '4', 'Date': '16/04/2024', 'Time': '42:04.2', 'event_timestamp': '2025-09-29 19:24:50'}
2025-09-29 19:24:55 | INFO | {'hour_of_day': 17, 'cash_type': 'card', 'money': 38.7, 'coffee_name': 'Cappuccino', 'Time_of_Day': 'Night', 'Weekday': 'Tue', 'Month_name': 'Apr', 'Weekdaysort': '2', 'Monthsort': '4', 'Date': '16/04/2024', 'Time': '43:23.0', 'event_timestamp': '2025-09-29 19:24:55'}
2025-09-29 19:25:00 | INFO | {'hour_of_day': 18, 'cash_type': 'card', 'money': 38.7, 'coffee_name': 'Cocoa', 'Time_of_Day': 'Night', 'Weekday': 'Tue', 'Month_name': 'Apr', 'Weekdaysort': '2', 'Monthsort': '4', 'Date': '16/04/2024', 'Time': '09:05.3', 'event_timestamp': '2025-09-29 19:25:00'}
2025-09-29 19:25:05 | INFO | {'hour_of_day': 13, 'cash_type': 'card', 'money': 28.9, 'coffee_name': 'Americano', 'Time_of_Day': 'Afternoon', 'Weekday': 'Wed', 'Month_name': 'Apr', 'Weekdaysort': '3', 'Monthsort': '4', 'Date': '17/04/2024', 'Time': '32:59.8', 'event_timestamp': '2025-09-29 19:25:05'}
2025-09-29 19:25:11 | INFO | {'hour_of_day': 13, 'cash_type': 'card', 'money': 24.0, 'coffee_name': 'Espresso', 'Time_of_Day': 'Afternoon', 'Weekday': 'Wed', 'Month_name': 'Apr', 'Weekdaysort': '3', 'Monthsort': '4', 'Date': '17/04/2024', 'Time': '44:00.2', 'event_timestamp': '2025-09-29 19:25:11'}
2025-09-29 19:25:16 | INFO | {'hour_of_day': 17, 'cash_type': 'card', 'money': 38.7, 'coffee_name': 'Cappuccino', 'Time_of_Day': 'Night', 'Weekday': 'Wed', 'Month_name': 'Apr', 'Weekdaysort': '3', 'Monthsort': '4', 'Date': '17/04/2024', 'Time': '01:35.1', 'event_timestamp': '2025-09-29 19:25:16'}
2025-09-29 19:25:21 | INFO | {'hour_of_day': 17, 'cash_type': 'card', 'money': 38.7, 'coffee_name': 'Cappuccino', 'Time_of_Day': 'Night', 'Weekday': 'Wed', 'Month_name': 'Apr', 'Weekdaysort': '3', 'Monthsort': '4', 'Date': '17/04/2024', 'Time': '02:40.7', 'event_timestamp': '2025-09-29 19:25:21'}
2025-09-29 19:25:26 | INFO | {'hour_of_day': 18, 'cash_type': 'card', 'money': 28.9, 'coffee_name': 'Cortado', 'Time_of_Day': 'Night', 'Weekday': 'Wed', 'Month_name': 'Apr', 'Weekdaysort': '3', 'Monthsort': '4', 'Date': '17/04/2024', 'Time': '14:03.2', 'event_timestamp': '2025-09-29 19:25:26'}
2025-09-29 19:25:31 | INFO | {'hour_of_day': 11, 'cash_type': 'card', 'money': 28.9, 'coffee_name': 'Americano', 'Time_of_Day': 'Morning', 'Weekday': 'Thu', 'Month_name': 'Apr', 'Weekdaysort': '4', 'Monthsort': '4', 'Date': '18/04/2024', 'Time': '19:01.7', 'event_timestamp': '2025-09-29 19:25:31'}
2025-09-29 19:25:36 | INFO | {'hour_of_day': 11, 'cash_type': 'card', 'money': 28.9, 'coffee_name': 'Americano', 'Time_of_Day': 'Morning', 'Weekday': 'Thu', 'Month_name': 'Apr', 'Weekdaysort': '4', 'Monthsort': '4', 'Date': '18/04/2024', 'Time': '20:05.7', 'event_timestamp': '2025-09-29 19:25:36'}
2025-09-29 19:25:41 | INFO | {'hour_of_day': 13, 'cash_type': 'card', 'money': 33.8, 'coffee_name': 'Americano with Milk', 'Time_of_Day': 'Afternoon', 'Weekday': 'Thu', 'Month_name': 'Apr', 'Weekdaysort': '4', 'Monthsort': '4', 'Date': '18/04/2024', 'Time': '49:12.7', 'event_timestamp': '2025-09-29 19:25:41'}
2025-09-29 19:25:46 | INFO | {'hour_of_day': 13, 'cash_type': 'card', 'money': 28.9, 'coffee_name': 'Cortado', 'Time_of_Day': 'Afternoon', 'Weekday': 'Thu', 'Month_name': 'Apr', 'Weekdaysort': '4', 'Monthsort': '4', 'Date': '18/04/2024', 'Time': '50:17.3', 'event_timestamp': '2025-09-29 19:25:46'}
2025-09-29 19:25:51 | INFO | {'hour_of_day': 14, 'cash_type': 'card', 'money': 38.7, 'coffee_name': 'Cappuccino', 'Time_of_Day': 'Afternoon', 'Weekday': 'Thu', 'Month_name': 'Apr', 'Weekdaysort': '4', 'Monthsort': '4', 'Date': '18/04/2024', 'Time': '34:19.8', 'event_timestamp': '2025-09-29 19:25:51'}
2025-09-29 19:25:56 | INFO | {'hour_of_day': 14, 'cash_type': 'card', 'money': 38.7, 'coffee_name': 'Latte', 'Time_of_Day': 'Afternoon', 'Weekday': 'Thu', 'Month_name': 'Apr', 'Weekdaysort': '4', 'Monthsort': '4', 'Date': '18/04/2024', 'Time': '35:49.4', 'event_timestamp': '2025-09-29 19:25:56'}
2025-09-29 19:26:01 | INFO | {'hour_of_day': 17, 'cash_type': 'card', 'money': 38.7, 'coffee_name': 'Latte', 'Time_of_Day': 'Night', 'Weekday': 'Thu', 'Month_name': 'Apr', 'Weekdaysort': '4', 'Monthsort': '4', 'Date': '18/04/2024', 'Time': '44:15.8', 'event_timestamp': '2025-09-29 19:26:01'}
2025-09-29 19:26:06 | INFO | {'hour_of_day': 18, 'cash_type': 'card', 'money': 38.7, 'coffee_name': 'Cappuccino', 'Time_of_Day': 'Night', 'Weekday': 'Thu', 'Month_name': 'Apr', 'Weekdaysort': '4', 'Monthsort': '4', 'Date': '18/04/2024', 'Time': '21:05.9', 'event_timestamp': '2025-09-29 19:26:06'}
2025-09-29 19:26:12 | INFO | {'hour_of_day': 19, 'cash_type': 'card', 'money': 38.7, 'coffee_name': 'Hot Chocolate', 'Time_of_Day': 'Night', 'Weekday': 'Thu', 'Month_name': 'Apr', 'Weekdaysort': '4', 'Monthsort': '4', 'Date': '18/04/2024', 'Time': '39:51.2', 'event_timestamp': '2025-09-29 19:26:12'}
2025-09-29 19:26:17 | INFO | {'hour_of_day': 19, 'cash_type': 'card', 'money': 38.7, 'coffee_name': 'Hot Chocolate', 'Time_of_Day': 'Night', 'Weekday': 'Thu', 'Month_name': 'Apr', 'Weekdaysort': '4', 'Monthsort': '4', 'Date': '18/04/2024', 'Time': '40:49.0', 'event_timestamp': '2025-09-29 19:26:17'}
2025-09-29 19:26:22 | INFO | {'hour_of_day': 10, 'cash_type': 'card', 'money': 38.7, 'coffee_name': 'Latte', 'Time_of_Day': 'Morning', 'Weekday': 'Fri', 'Month_name': 'Apr', 'Weekdaysort': '5', 'Monthsort': '4', 'Date': '19/04/2024', 'Time': '10:36.3', 'event_timestamp': '2025-09-29 19:26:22'}
2025-09-29 19:26:27 | INFO | {'hour_of_day': 13, 'cash_type': 'card', 'money': 33.8, 'coffee_name': 'Americano with Milk', 'Time_of_Day': 'Afternoon', 'Weekday': 'Fri', 'Month_name': 'Apr', 'Weekdaysort': '5', 'Monthsort': '4', 'Date': '19/04/2024', 'Time': '11:47.8', 'event_timestamp': '2025-09-29 19:26:27'}
2025-09-29 19:26:32 | INFO | {'hour_of_day': 13, 'cash_type': 'card', 'money': 38.7, 'coffee_name': 'Cappuccino', 'Time_of_Day': 'Afternoon', 'Weekday': 'Fri', 'Month_name': 'Apr', 'Weekdaysort': '5', 'Monthsort': '4', 'Date': '19/04/2024', 'Time': '13:20.9', 'event_timestamp': '2025-09-29 19:26:32'}
2025-09-29 19:26:37 | INFO | {'hour_of_day': 13, 'cash_type': 'card', 'money': 38.7, 'coffee_name': 'Hot Chocolate', 'Time_of_Day': 'Afternoon', 'Weekday': 'Fri', 'Month_name': 'Apr', 'Weekdaysort': '5', 'Monthsort': '4', 'Date': '19/04/2024', 'Time': '58:54.1', 'event_timestamp': '2025-09-29 19:26:37'}
2025-09-29 19:26:42 | INFO | {'hour_of_day': 13, 'cash_type': 'card', 'money': 38.7, 'coffee_name': 'Cappuccino', 'Time_of_Day': 'Afternoon', 'Weekday': 'Fri', 'Month_name': 'Apr', 'Weekdaysort': '5', 'Monthsort': '4', 'Date': '19/04/2024', 'Time': '59:49.7', 'event_timestamp': '2025-09-29 19:26:42'}
2025-09-29 19:26:47 | INFO | {'hour_of_day': 18, 'cash_type': 'card', 'money': 38.7, 'coffee_name': 'Cocoa', 'Time_of_Day': 'Night', 'Weekday': 'Fri', 'Month_name': 'Apr', 'Weekdaysort': '5', 'Monthsort': '4', 'Date': '19/04/2024', 'Time': '23:19.3', 'event_timestamp': '2025-09-29 19:26:47'}
2025-09-29 19:26:52 | INFO | {'hour_of_day': 18, 'cash_type': 'card', 'money': 33.8, 'coffee_name': 'Americano with Milk', 'Time_of_Day': 'Night', 'Weekday': 'Fri', 'Month_name': 'Apr', 'Weekdaysort': '5', 'Monthsort': '4', 'Date': '19/04/2024', 'Time': '25:33.4', 'event_timestamp': '2025-09-29 19:26:52'}
2025-09-29 19:26:57 | INFO | {'hour_of_day': 12, 'cash_type': 'card', 'money': 33.8, 'coffee_name': 'Americano with Milk', 'Time_of_Day': 'Afternoon', 'Weekday': 'Sat', 'Month_name': 'Apr', 'Weekdaysort': '6', 'Monthsort': '4', 'Date': '20/04/2024', 'Time': '08:35.7', 'event_timestamp': '2025-09-29 19:26:57'}
2025-09-29 19:27:02 | INFO | {'hour_of_day': 12, 'cash_type': 'card', 'money': 33.8, 'coffee_name': 'Americano with Milk', 'Time_of_Day': 'Afternoon', 'Weekday': 'Sat', 'Month_name': 'Apr', 'Weekdaysort': '6', 'Monthsort': '4', 'Date': '20/04/2024', 'Time': '09:42.7', 'event_timestamp': '2025-09-29 19:27:02'}
2025-09-29 19:27:07 | INFO | {'hour_of_day': 13, 'cash_type': 'card', 'money': 28.9, 'coffee_name': 'Americano', 'Time_of_Day': 'Afternoon', 'Weekday': 'Sat', 'Month_name': 'Apr', 'Weekdaysort': '6', 'Monthsort': '4', 'Date': '20/04/2024', 'Time': '08:37.4', 'event_timestamp': '2025-09-29 19:27:07'}
2025-09-29 19:27:13 | INFO | {'hour_of_day': 13, 'cash_type': 'card', 'money': 33.8, 'coffee_name': 'Americano with Milk', 'Time_of_Day': 'Afternoon', 'Weekday': 'Sat', 'Month_name': 'Apr', 'Weekdaysort': '6', 'Monthsort': '4', 'Date': '20/04/2024', 'Time': '09:47.9', 'event_timestamp': '2025-09-29 19:27:13'}
2025-09-29 19:27:18 | INFO | {'hour_of_day': 13, 'cash_type': 'card', 'money': 38.7, 'coffee_name': 'Hot Chocolate', 'Time_of_Day': 'Afternoon', 'Weekday': 'Sat', 'Month_name': 'Apr', 'Weekdaysort': '6', 'Monthsort': '4', 'Date': '20/04/2024', 'Time': '10:55.2', 'event_timestamp': '2025-09-29 19:27:18'}
2025-09-29 19:27:23 | INFO | {'hour_of_day': 14, 'cash_type': 'card', 'money': 38.7, 'coffee_name': 'Cappuccino', 'Time_of_Day': 'Afternoon', 'Weekday': 'Sat', 'Month_name': 'Apr', 'Weekdaysort': '6', 'Monthsort': '4', 'Date': '20/04/2024', 'Time': '44:18.1', 'event_timestamp': '2025-09-29 19:27:23'}
2025-09-29 19:27:28 | INFO | {'hour_of_day': 15, 'cash_type': 'card', 'money': 33.8, 'coffee_name': 'Americano with Milk', 'Time_of_Day': 'Afternoon', 'Weekday': 'Sat', 'Month_name': 'Apr', 'Weekdaysort': '6', 'Monthsort': '4', 'Date': '20/04/2024', 'Time': '11:00.3', 'event_timestamp': '2025-09-29 19:27:28'}
2025-09-29 19:27:33 | INFO | {'hour_of_day': 15, 'cash_type': 'card', 'money': 32.82, 'coffee_name': 'Americano with Milk', 'Time_of_Day': 'Afternoon', 'Weekday': 'Sat', 'Month_name': 'Apr', 'Weekdaysort': '6', 'Monthsort': '4', 'Date': '20/04/2024', 'Time': '22:40.7', 'event_timestamp': '2025-09-29 19:27:33'}
2025-09-29 19:27:38 | INFO | {'hour_of_day': 15, 'cash_type': 'card', 'money': 32.82, 'coffee_name': 'Americano with Milk', 'Time_of_Day': 'Afternoon', 'Weekday': 'Sat', 'Month_name': 'Apr', 'Weekdaysort': '6', 'Monthsort': '4', 'Date': '20/04/2024', 'Time': '49:25.1', 'event_timestamp': '2025-09-29 19:27:38'}
2025-09-29 19:27:43 | INFO | {'hour_of_day': 18, 'cash_type': 'card', 'money': 37.72, 'coffee_name': 'Cappuccino', 'Time_of_Day': 'Night', 'Weekday': 'Sat', 'Month_name': 'Apr', 'Weekdaysort': '6', 'Monthsort': '4', 'Date': '20/04/2024', 'Time': '27:41.5', 'event_timestamp': '2025-09-29 19:27:43'}
2025-09-29 19:27:48 | INFO | {'hour_of_day': 18, 'cash_type': 'card', 'money': 37.72, 'coffee_name': 'Cappuccino', 'Time_of_Day': 'Night', 'Weekday': 'Sat', 'Month_name': 'Apr', 'Weekdaysort': '6', 'Monthsort': '4', 'Date': '20/04/2024', 'Time': '28:46.9', 'event_timestamp': '2025-09-29 19:27:48'}
2025-09-29 19:27:53 | INFO | {'hour_of_day': 19, 'cash_type': 'card', 'money': 37.72, 'coffee_name': 'Latte', 'Time_of_Day': 'Night', 'Weekday': 'Sat', 'Month_name': 'Apr', 'Weekdaysort': '6', 'Monthsort': '4', 'Date': '20/04/2024', 'Time': '30:55.3', 'event_timestamp': '2025-09-29 19:27:53'}
2025-09-29 19:27:58 | INFO | {'hour_of_day': 11, 'cash_type': 'card', 'money': 37.72, 'coffee_name': 'Latte', 'Time_of_Day': 'Morning', 'Weekday': 'Sun', 'Month_name': 'Apr', 'Weekdaysort': '7', 'Monthsort': '4', 'Date': '21/04/2024', 'Time': '16:45.7', 'event_timestamp': '2025-09-29 19:27:58'}
2025-09-29 19:28:03 | INFO | {'hour_of_day': 14, 'cash_type': 'card', 'money': 27.92, 'coffee_name': 'Americano', 'Time_of_Day': 'Afternoon', 'Weekday': 'Sun', 'Month_name': 'Apr', 'Weekdaysort': '7', 'Monthsort': '4', 'Date': '21/04/2024', 'Time': '15:37.5', 'event_timestamp': '2025-09-29 19:28:03'}
2025-09-29 19:28:08 | INFO | {'hour_of_day': 11, 'cash_type': 'card', 'money': 27.92, 'coffee_name': 'Americano', 'Time_of_Day': 'Morning', 'Weekday': 'Mon', 'Month_name': 'Apr', 'Weekdaysort': '1', 'Monthsort': '4', 'Date': '22/04/2024', 'Time': '09:16.4', 'event_timestamp': '2025-09-29 19:28:08'}
2025-09-29 19:28:13 | INFO | {'hour_of_day': 11, 'cash_type': 'card', 'money': 32.82, 'coffee_name': 'Americano with Milk', 'Time_of_Day': 'Morning', 'Weekday': 'Mon', 'Month_name': 'Apr', 'Weekdaysort': '1', 'Monthsort': '4', 'Date': '22/04/2024', 'Time': '29:27.1', 'event_timestamp': '2025-09-29 19:28:13'}
2025-09-29 19:28:19 | INFO | {'hour_of_day': 19, 'cash_type': 'card', 'money': 37.72, 'coffee_name': 'Latte', 'Time_of_Day': 'Night', 'Weekday': 'Mon', 'Month_name': 'Apr', 'Weekdaysort': '1', 'Monthsort': '4', 'Date': '22/04/2024', 'Time': '39:04.8', 'event_timestamp': '2025-09-29 19:28:19'}
2025-09-29 19:28:24 | INFO | {'hour_of_day': 14, 'cash_type': 'card', 'money': 37.72, 'coffee_name': 'Cappuccino', 'Time_of_Day': 'Afternoon', 'Weekday': 'Tue', 'Month_name': 'Apr', 'Weekdaysort': '2', 'Monthsort': '4', 'Date': '23/04/2024', 'Time': '22:36.0', 'event_timestamp': '2025-09-29 19:28:24'}
2025-09-29 19:28:29 | INFO | {'hour_of_day': 14, 'cash_type': 'card', 'money': 32.82, 'coffee_name': 'Americano with Milk', 'Time_of_Day': 'Afternoon', 'Weekday': 'Tue', 'Month_name': 'Apr', 'Weekdaysort': '2', 'Monthsort': '4', 'Date': '23/04/2024', 'Time': '23:53.1', 'event_timestamp': '2025-09-29 19:28:29'}
2025-09-29 19:28:34 | INFO | {'hour_of_day': 14, 'cash_type': 'card', 'money': 37.72, 'coffee_name': 'Cappuccino', 'Time_of_Day': 'Afternoon', 'Weekday': 'Tue', 'Month_name': 'Apr', 'Weekdaysort': '2', 'Monthsort': '4', 'Date': '23/04/2024', 'Time': '24:57.5', 'event_timestamp': '2025-09-29 19:28:34'}
2025-09-29 19:28:39 | INFO | {'hour_of_day': 19, 'cash_type': 'card', 'money': 32.82, 'coffee_name': 'Americano with Milk', 'Time_of_Day': 'Night', 'Weekday': 'Tue', 'Month_name': 'Apr', 'Weekdaysort': '2', 'Monthsort': '4', 'Date': '23/04/2024', 'Time': '42:27.8', 'event_timestamp': '2025-09-29 19:28:39'}
2025-09-29 19:28:44 | INFO | {'hour_of_day': 19, 'cash_type': 'card', 'money': 32.82, 'coffee_name': 'Americano with Milk', 'Time_of_Day': 'Night', 'Weekday': 'Tue', 'Month_name': 'Apr', 'Weekdaysort': '2', 'Monthsort': '4', 'Date': '23/04/2024', 'Time': '43:26.2', 'event_timestamp': '2025-09-29 19:28:44'}
2025-09-29 19:28:49 | INFO | {'hour_of_day': 10, 'cash_type': 'card', 'money': 37.72, 'coffee_name': 'Latte', 'Time_of_Day': 'Morning', 'Weekday': 'Wed', 'Month_name': 'Apr', 'Weekdaysort': '3', 'Monthsort': '4', 'Date': '24/04/2024', 'Time': '19:38.3', 'event_timestamp': '2025-09-29 19:28:49'}
2025-09-29 19:28:54 | INFO | {'hour_of_day': 10, 'cash_type': 'card', 'money': 32.82, 'coffee_name': 'Americano with Milk', 'Time_of_Day': 'Morning', 'Weekday': 'Wed', 'Month_name': 'Apr', 'Weekdaysort': '3', 'Monthsort': '4', 'Date': '24/04/2024', 'Time': '21:27.3', 'event_timestamp': '2025-09-29 19:28:54'}
2025-09-29 19:28:59 | INFO | {'hour_of_day': 11, 'cash_type': 'card', 'money': 32.82, 'coffee_name': 'Americano with Milk', 'Time_of_Day': 'Morning', 'Weekday': 'Wed', 'Month_name': 'Apr', 'Weekdaysort': '3', 'Monthsort': '4', 'Date': '24/04/2024', 'Time': '23:46.1', 'event_timestamp': '2025-09-29 19:28:59'}
2025-09-29 19:29:04 | INFO | {'hour_of_day': 11, 'cash_type': 'card', 'money': 32.82, 'coffee_name': 'Americano with Milk', 'Time_of_Day': 'Morning', 'Weekday': 'Wed', 'Month_name': 'Apr', 'Weekdaysort': '3', 'Monthsort': '4', 'Date': '24/04/2024', 'Time': '33:26.3', 'event_timestamp': '2025-09-29 19:29:04'}
2025-09-29 19:29:09 | INFO | {'hour_of_day': 12, 'cash_type': 'card', 'money': 32.82, 'coffee_name': 'Americano with Milk', 'Time_of_Day': 'Afternoon', 'Weekday': 'Wed', 'Month_name': 'Apr', 'Weekdaysort': '3', 'Monthsort': '4', 'Date': '24/04/2024', 'Time': '39:09.3', 'event_timestamp': '2025-09-29 19:29:09'}
2025-09-29 19:29:14 | INFO | {'hour_of_day': 16, 'cash_type': 'card', 'money': 32.82, 'coffee_name': 'Americano with Milk', 'Time_of_Day': 'Afternoon', 'Weekday': 'Wed', 'Month_name': 'Apr', 'Weekdaysort': '3', 'Monthsort': '4', 'Date': '24/04/2024', 'Time': '39:07.4', 'event_timestamp': '2025-09-29 19:29:14'}
2025-09-29 19:29:19 | INFO | {'hour_of_day': 19, 'cash_type': 'card', 'money': 32.82, 'coffee_name': 'Americano with Milk', 'Time_of_Day': 'Night', 'Weekday': 'Wed', 'Month_name': 'Apr', 'Weekdaysort': '3', 'Monthsort': '4', 'Date': '24/04/2024', 'Time': '39:50.0', 'event_timestamp': '2025-09-29 19:29:19'}
2025-09-29 19:29:24 | INFO | {'hour_of_day': 19, 'cash_type': 'card', 'money': 37.72, 'coffee_name': 'Cappuccino', 'Time_of_Day': 'Night', 'Weekday': 'Wed', 'Month_name': 'Apr', 'Weekdaysort': '3', 'Monthsort': '4', 'Date': '24/04/2024', 'Time': '40:54.0', 'event_timestamp': '2025-09-29 19:29:24'}
2025-09-29 19:29:30 | INFO | {'hour_of_day': 10, 'cash_type': 'card', 'money': 27.92, 'coffee_name': 'Americano', 'Time_of_Day': 'Morning', 'Weekday': 'Thu', 'Month_name': 'Apr', 'Weekdaysort': '4', 'Monthsort': '4', 'Date': '25/04/2024', 'Time': '46:08.1', 'event_timestamp': '2025-09-29 19:29:30'}
2025-09-29 19:29:35 | INFO | {'hour_of_day': 15, 'cash_type': 'card', 'money': 37.72, 'coffee_name': 'Latte', 'Time_of_Day': 'Afternoon', 'Weekday': 'Thu', 'Month_name': 'Apr', 'Weekdaysort': '4', 'Monthsort': '4', 'Date': '25/04/2024', 'Time': '18:27.0', 'event_timestamp': '2025-09-29 19:29:35'}
2025-09-29 19:29:38 | INFO | Logging to file: logs/project_log.log
2025-09-29 19:29:38 | INFO | Log sanitization enabled, personal info removed
2025-09-29 19:29:40 | INFO | {'hour_of_day': 17, 'cash_type': 'card', 'money': 27.92, 'coffee_name': 'Americano', 'Time_of_Day': 'Night', 'Weekday': 'Thu', 'Month_name': 'Apr', 'Weekdaysort': '4', 'Monthsort': '4', 'Date': '25/04/2024', 'Time': '09:43.5', 'event_timestamp': '2025-09-29 19:29:40'}
2025-09-29 19:29:45 | INFO | {'hour_of_day': 17, 'cash_type': 'card', 'money': 27.92, 'coffee_name': 'Americano', 'Time_of_Day': 'Night', 'Weekday': 'Thu', 'Month_name': 'Apr', 'Weekdaysort': '4', 'Monthsort': '4', 'Date': '25/04/2024', 'Time': '10:49.2', 'event_timestamp': '2025-09-29 19:29:45'}
2025-09-29 19:29:50 | INFO | {'hour_of_day': 10, 'cash_type': 'card', 'money': 37.72, 'coffee_name': 'Latte', 'Time_of_Day': 'Morning', 'Weekday': 'Fri', 'Month_name': 'Apr', 'Weekdaysort': '5', 'Monthsort': '4', 'Date': '26/04/2024', 'Time': '12:50.6', 'event_timestamp': '2025-09-29 19:29:50'}
2025-09-29 19:29:55 | INFO | {'hour_of_day': 12, 'cash_type': 'card', 'money': 37.72, 'coffee_name': 'Latte', 'Time_of_Day': 'Afternoon', 'Weekday': 'Fri', 'Month_name': 'Apr', 'Weekdaysort': '5', 'Monthsort': '4', 'Date': '26/04/2024', 'Time': '01:30.6', 'event_timestamp': '2025-09-29 19:29:55'}
2025-09-29 19:30:00 | INFO | {'hour_of_day': 13, 'cash_type': 'card', 'money': 37.72, 'coffee_name': 'Cappuccino', 'Time_of_Day': 'Afternoon', 'Weekday': 'Fri', 'Month_name': 'Apr', 'Weekdaysort': '5', 'Monthsort': '4', 'Date': '26/04/2024', 'Time': '31:28.3', 'event_timestamp': '2025-09-29 19:30:00'}
2025-09-29 19:30:04 | INFO | Logging to file: logs/project_log.log
2025-09-29 19:30:04 | INFO | Log sanitization enabled, personal info removed
2025-09-29 19:30:04 | INFO | Starting db testing.
2025-09-29 19:30:04 | INFO | BASE_DATA_DIR: PROJECT_ROOT/data
2025-09-29 19:30:04 | INFO | Calling SQLite init_db() with db_path=WindowsPath('C:/Projects/custom_pipeline_fintel/data/test_buzz.sqlite').
2025-09-29 19:30:04 | INFO | SUCCESS: Got a cursor to execute SQL.
2025-09-29 19:30:04 | INFO | SUCCESS: Database initialized and table ready at PROJECT_ROOT/data/test_buzz.sqlite.
2025-09-29 19:30:04 | INFO | Initialized database file at PROJECT_ROOT/data/test_buzz.sqlite.
2025-09-29 19:30:05 | INFO | {'hour_of_day': 15, 'cash_type': 'card', 'money': 27.92, 'coffee_name': 'Americano', 'Time_of_Day': 'Afternoon', 'Weekday': 'Fri', 'Month_name': 'Apr', 'Weekdaysort': '5', 'Monthsort': '4', 'Date': '26/04/2024', 'Time': '32:35.4', 'event_timestamp': '2025-09-29 19:30:05'}
2025-09-29 19:30:10 | INFO | {'hour_of_day': 15, 'cash_type': 'card', 'money': 27.92, 'coffee_name': 'Americano', 'Time_of_Day': 'Afternoon', 'Weekday': 'Fri', 'Month_name': 'Apr', 'Weekdaysort': '5', 'Monthsort': '4', 'Date': '26/04/2024', 'Time': '33:33.1', 'event_timestamp': '2025-09-29 19:30:10'}
2025-09-29 19:30:15 | INFO | {'hour_of_day': 16, 'cash_type': 'card', 'money': 27.92, 'coffee_name': 'Cortado', 'Time_of_Day': 'Afternoon', 'Weekday': 'Fri', 'Month_name': 'Apr', 'Weekdaysort': '5', 'Monthsort': '4', 'Date': '26/04/2024', 'Time': '23:26.5', 'event_timestamp': '2025-09-29 19:30:15'}
2025-09-29 19:30:20 | INFO | {'hour_of_day': 16, 'cash_type': 'card', 'money': 27.92, 'coffee_name': 'Americano', 'Time_of_Day': 'Afternoon', 'Weekday': 'Fri', 'Month_name': 'Apr', 'Weekdaysort': '5', 'Monthsort': '4', 'Date': '26/04/2024', 'Time': '24:33.8', 'event_timestamp': '2025-09-29 19:30:20'}
2025-09-29 19:30:26 | INFO | {'hour_of_day': 19, 'cash_type': 'card', 'money': 37.72, 'coffee_name': 'Hot Chocolate', 'Time_of_Day': 'Night', 'Weekday': 'Fri', 'Month_name': 'Apr', 'Weekdaysort': '5', 'Monthsort': '4', 'Date': '26/04/2024', 'Time': '32:07.1', 'event_timestamp': '2025-09-29 19:30:26'}
2025-09-29 19:30:31 | INFO | {'hour_of_day': 19, 'cash_type': 'card', 'money': 37.72, 'coffee_name': 'Cocoa', 'Time_of_Day': 'Night', 'Weekday': 'Fri', 'Month_name': 'Apr', 'Weekdaysort': '5', 'Monthsort': '4', 'Date': '26/04/2024', 'Time': '33:30.2', 'event_timestamp': '2025-09-29 19:30:31'}
2025-09-29 19:30:36 | INFO | {'hour_of_day': 15, 'cash_type': 'card', 'money': 37.72, 'coffee_name': 'Cappuccino', 'Time_of_Day': 'Afternoon', 'Weekday': 'Sat', 'Month_name': 'Apr', 'Weekdaysort': '6', 'Monthsort': '4', 'Date': '27/04/2024', 'Time': '27:00.7', 'event_timestamp': '2025-09-29 19:30:36'}
2025-09-29 19:30:41 | INFO | {'hour_of_day': 10, 'cash_type': 'card', 'money': 37.72, 'coffee_name': 'Latte', 'Time_of_Day': 'Morning', 'Weekday': 'Sun', 'Month_name': 'Apr', 'Weekdaysort': '7', 'Monthsort': '4', 'Date': '28/04/2024', 'Time': '32:52.5', 'event_timestamp': '2025-09-29 19:30:41'}
2025-09-29 19:30:46 | INFO | {'hour_of_day': 12, 'cash_type': 'card', 'money': 37.72, 'coffee_name': 'Cappuccino', 'Time_of_Day': 'Afternoon', 'Weekday': 'Sun', 'Month_name': 'Apr', 'Weekdaysort': '7', 'Monthsort': '4', 'Date': '28/04/2024', 'Time': '30:09.7', 'event_timestamp': '2025-09-29 19:30:46'}
2025-09-29 19:30:51 | INFO | {'hour_of_day': 18, 'cash_type': 'card', 'money': 27.92, 'coffee_name': 'Americano', 'Time_of_Day': 'Night', 'Weekday': 'Sun', 'Month_name': 'Apr', 'Weekdaysort': '7', 'Monthsort': '4', 'Date': '28/04/2024', 'Time': '27:08.2', 'event_timestamp': '2025-09-29 19:30:51'}
2025-09-29 19:30:56 | INFO | {'hour_of_day': 18, 'cash_type': 'card', 'money': 27.92, 'coffee_name': 'Americano', 'Time_of_Day': 'Night', 'Weekday': 'Sun', 'Month_name': 'Apr', 'Weekdaysort': '7', 'Monthsort': '4', 'Date': '28/04/2024', 'Time': '28:11.4', 'event_timestamp': '2025-09-29 19:30:56'}
2025-09-29 19:31:01 | INFO | {'hour_of_day': 18, 'cash_type': 'card', 'money': 37.72, 'coffee_name': 'Latte', 'Time_of_Day': 'Night', 'Weekday': 'Sun', 'Month_name': 'Apr', 'Weekdaysort': '7', 'Monthsort': '4', 'Date': '28/04/2024', 'Time': '29:02.4', 'event_timestamp': '2025-09-29 19:31:01'}
2025-09-29 19:31:06 | INFO | {'hour_of_day': 11, 'cash_type': 'card', 'money': 27.92, 'coffee_name': 'Cortado', 'Time_of_Day': 'Morning', 'Weekday': 'Mon', 'Month_name': 'Apr', 'Weekdaysort': '1', 'Monthsort': '4', 'Date': '29/04/2024', 'Time': '26:31.9', 'event_timestamp': '2025-09-29 19:31:06'}
